Using pre-set license
Built from '2020.3/staging' branch; Version is '2020.3.17f1 (a4537701e4ab) revision 10769271'; Using compiler version '192528614'; Build Type 'Release'
OS: 'Windows 10 Home; OS build 19041.1237; Version 2004; 64bit' Language: 'en' Physical Memory: 8074 MB
BatchMode: 1, IsHumanControllingUs: 0, StartBugReporterOnCrash: 0, Is64bit: 1, IsPro: 0

COMMAND LINE ARGUMENTS:
C:\Program Files\2020.3.17f1\Editor\Unity.exe
-adb2
-batchMode
-noUpm
-name
AssetImportWorker1
-projectPath
C:/Users/tamst/Documents/main-project/Green
-logFile
Logs/AssetImportWorker1.log
-srvPort
50682
Successfully changed project path to: C:/Users/tamst/Documents/main-project/Green
C:/Users/tamst/Documents/main-project/Green
Using Asset Import Pipeline V2.
Refreshing native plugins compatible for Editor in 45.21 ms, found 5 plugins.
Preloading 0 native plugins for Editor in 0.00 ms.
Initialize engine version: 2020.3.17f1 (a4537701e4ab)
[Subsystems] Discovering subsystems at path C:/Program Files/2020.3.17f1/Editor/Data/Resources/UnitySubsystems
[Subsystems] Discovering subsystems at path C:/Users/tamst/Documents/main-project/Green/Assets
GfxDevice: creating device client; threaded=0
Direct3D:
    Version:  Direct3D 11.0 [level 11.1]
    Renderer: NVIDIA GeForce GTX 1050 (ID=0x1c8d)
    Vendor:   
    VRAM:     1979 MB
    Driver:   27.21.14.6611
Initialize mono
Mono path[0] = 'C:/Program Files/2020.3.17f1/Editor/Data/Managed'
Mono path[1] = 'C:/Program Files/2020.3.17f1/Editor/Data/MonoBleedingEdge/lib/mono/unityjit'
Mono config path = 'C:/Program Files/2020.3.17f1/Editor/Data/MonoBleedingEdge/etc'
Using monoOptions --debugger-agent=transport=dt_socket,embedding=1,server=y,suspend=n,address=127.0.0.1:56648
Begin MonoManager ReloadAssembly
Registering precompiled unity dll's ...
Register platform support module: C:/Program Files/2020.3.17f1/Editor/Data/PlaybackEngines/WindowsStandaloneSupport/UnityEditor.WindowsStandalone.Extensions.dll
Registered in 0.004418 seconds.
Native extension for WindowsStandalone target not found
Refreshing native plugins compatible for Editor in 43.64 ms, found 5 plugins.
Preloading 0 native plugins for Editor in 0.00 ms.
Mono: successfully reloaded assembly
- Completed reload, in  1.355 seconds
Domain Reload Profiling:
	ReloadAssembly (1356ms)
		BeginReloadAssembly (73ms)
			ExecutionOrderSort (0ms)
			DisableScriptedObjects (0ms)
			BackupInstance (0ms)
			ReleaseScriptingObjects (0ms)
			CreateAndSetChildDomain (1ms)
		EndReloadAssembly (553ms)
			LoadAssemblies (70ms)
			RebuildTransferFunctionScriptingTraits (0ms)
			SetupTypeCache (204ms)
			ReleaseScriptCaches (0ms)
			RebuildScriptCaches (43ms)
			SetupLoadedEditorAssemblies (207ms)
				LogAssemblyErrors (0ms)
				InitializePlatformSupportModulesInManaged (6ms)
				SetLoadedEditorAssemblies (1ms)
				RefreshPlugins (44ms)
				BeforeProcessingInitializeOnLoad (12ms)
				ProcessInitializeOnLoadAttributes (108ms)
				ProcessInitializeOnLoadMethodAttributes (36ms)
				AfterProcessingInitializeOnLoad (0ms)
				EditorAssembliesLoaded (0ms)
			ExecutionOrderSort2 (0ms)
			AwakeInstancesAfterBackupRestoration (0ms)
Platform modules already initialized, skipping
Registering precompiled user dll's ...
Registered in 0.005610 seconds.
Begin MonoManager ReloadAssembly
Native extension for WindowsStandalone target not found
Refreshing native plugins compatible for Editor in 0.43 ms, found 5 plugins.
Preloading 0 native plugins for Editor in 0.00 ms.
Mono: successfully reloaded assembly
- Completed reload, in  3.122 seconds
Domain Reload Profiling:
	ReloadAssembly (3123ms)
		BeginReloadAssembly (189ms)
			ExecutionOrderSort (0ms)
			DisableScriptedObjects (7ms)
			BackupInstance (0ms)
			ReleaseScriptingObjects (0ms)
			CreateAndSetChildDomain (24ms)
		EndReloadAssembly (2859ms)
			LoadAssemblies (1058ms)
			RebuildTransferFunctionScriptingTraits (0ms)
			SetupTypeCache (363ms)
			ReleaseScriptCaches (1ms)
			RebuildScriptCaches (59ms)
			SetupLoadedEditorAssemblies (1250ms)
				LogAssemblyErrors (0ms)
				InitializePlatformSupportModulesInManaged (8ms)
				SetLoadedEditorAssemblies (0ms)
				RefreshPlugins (1ms)
				BeforeProcessingInitializeOnLoad (76ms)
				ProcessInitializeOnLoadAttributes (1150ms)
				ProcessInitializeOnLoadMethodAttributes (7ms)
				AfterProcessingInitializeOnLoad (8ms)
				EditorAssembliesLoaded (0ms)
			ExecutionOrderSort2 (0ms)
			AwakeInstancesAfterBackupRestoration (7ms)
Platform modules already initialized, skipping
========================================================================
Worker process is ready to serve import requests
Launched and connected shader compiler UnityShaderCompiler.exe after 0.24 seconds
Refreshing native plugins compatible for Editor in 0.49 ms, found 5 plugins.
Preloading 0 native plugins for Editor in 0.00 ms.
Unloading 1542 Unused Serialized files (Serialized files now loaded: 0)
System memory in use before: 69.7 MB.
System memory in use after: 69.8 MB.

Unloading 25 unused Assets to reduce memory usage. Loaded Objects now: 1973.
Total: 3.333400 ms (FindLiveObjects: 0.246600 ms CreateObjectMapping: 0.067900 ms MarkObjects: 2.938700 ms  DeleteObjects: 0.077900 ms)

AssetImportParameters requested are different than current active one (requested -> active):
  custom:framework-win-MediaFoundation: 216162199b28c13a410421893ffa2e32 -> 
  custom:video-decoder-ogg-theora: a1e56fd34408186e4bbccfd4996cb3dc -> 
  custom:container-muxer-webm: aa71ff27fc2769a1b78a27578f13a17b -> 
  custom:container-demuxer-webm: 4f35f7cbe854078d1ac9338744f61a02 -> 
  custom:container-demuxer-ogg: 62fdf1f143b41e24485cea50d1cbac27 -> 
  custom:video-encoder-webm-vp8: eb34c28f22e8b96e1ab97ce403110664 -> 
  custom:video-codec-MediaFoundation-h265: 746d11721c4dcdbdad8f713fa42b33f4 -> 
  custom:video-decoder-webm-vp8: 9c59270c3fd7afecdb556c50c9e8de78 -> 
  custom:audio-decoder-ogg-vorbis: bf7c407c2cedff20999df2af8eb42d56 -> 
  custom:audio-encoder-webm-vorbis: bf7c407c2cedff20999df2af8eb42d56 -> 
========================================================================
Received Import Request.
  path: Assets/New Material.mat
  artifactKey: Guid(a00e6edd63c594f80bb2241a907735ef) Importer(815301076,1909f56bfc062723c751e8b465ee728b)
Start importing Assets/New Material.mat using Guid(a00e6edd63c594f80bb2241a907735ef) Importer(815301076,1909f56bfc062723c751e8b465ee728b)  -> (artifact id: 'fc127b46f611a02eacbe9de06afff212') in 1.496018 seconds 
  Import took 1.527649 seconds .

========================================================================
Received Import Request.
  Time since last request: 0.000308 seconds.
  path: Assets/20210213_clip_45_2027_img_5.jpg
  artifactKey: Guid(619dbaf807fab4847bbc368d7c3680ae) Importer(815301076,1909f56bfc062723c751e8b465ee728b)
Start importing Assets/20210213_clip_45_2027_img_5.jpg using Guid(619dbaf807fab4847bbc368d7c3680ae) Importer(815301076,1909f56bfc062723c751e8b465ee728b)  -> (artifact id: '05e1a4b4928e52adab577c7edafe9f69') in 0.263156 seconds 
  Import took 0.300320 seconds .

========================================================================
Received Import Request.
  Time since last request: 0.000349 seconds.
  path: Assets/New Material 1.mat
  artifactKey: Guid(3b715765aa3804e8889e6c116693713a) Importer(815301076,1909f56bfc062723c751e8b465ee728b)
Start importing Assets/New Material 1.mat using Guid(3b715765aa3804e8889e6c116693713a) Importer(815301076,1909f56bfc062723c751e8b465ee728b)  -> (artifact id: '8454ff0050b549f32ccc3021605a3279') in 0.232272 seconds 
  Import took 0.290544 seconds .

========================================================================
Received Import Request.
  Time since last request: 0.000445 seconds.
  path: Assets/transparent.mat
  artifactKey: Guid(8d1c90fb3977a4f1d99ac9d7a145e166) Importer(815301076,1909f56bfc062723c751e8b465ee728b)
Start importing Assets/transparent.mat using Guid(8d1c90fb3977a4f1d99ac9d7a145e166) Importer(815301076,1909f56bfc062723c751e8b465ee728b)  -> (artifact id: '7ef97d9de61b452d9fc8a4bd1c80b1ff') in 0.064699 seconds 
  Import took 0.118794 seconds .

========================================================================
Received Import Request.
  Time since last request: 0.000429 seconds.
  path: Assets/grayPerson.mat
  artifactKey: Guid(fe13621a58d7b47a18b25738e8fcbf48) Importer(815301076,1909f56bfc062723c751e8b465ee728b)
Start importing Assets/grayPerson.mat using Guid(fe13621a58d7b47a18b25738e8fcbf48) Importer(815301076,1909f56bfc062723c751e8b465ee728b)  -> (artifact id: '51b4d7350699d52213616a0f8a9cb18b') in 0.077390 seconds 
  Import took 0.229136 seconds .

========================================================================
Received Import Request.
  Time since last request: 0.000336 seconds.
  path: Assets/20210213_clip_25_1123_img_5.jpg
  artifactKey: Guid(c039d2112ec93408da2b091f0ec44c19) Importer(815301076,1909f56bfc062723c751e8b465ee728b)
Start importing Assets/20210213_clip_25_1123_img_5.jpg using Guid(c039d2112ec93408da2b091f0ec44c19) Importer(815301076,1909f56bfc062723c751e8b465ee728b)  -> (artifact id: '6aa72cef328f2ab45fd61acfb60c23ad') in 0.052678 seconds 
  Import took 0.133223 seconds .

========================================================================
Received Import Request.
  Time since last request: 0.000355 seconds.
  path: Assets/Person.mat
  artifactKey: Guid(eb7728d1b017047cab47b3f9e0ba426b) Importer(815301076,1909f56bfc062723c751e8b465ee728b)
Start importing Assets/Person.mat using Guid(eb7728d1b017047cab47b3f9e0ba426b) Importer(815301076,1909f56bfc062723c751e8b465ee728b)  -> (artifact id: '9f3f4d3cd85d88a4e0a8d000354398c5') in 0.033597 seconds 
  Import took 0.100306 seconds .

========================================================================
Received Import Request.
  Time since last request: 0.000422 seconds.
  path: Assets/New Material 2.mat
  artifactKey: Guid(4df82d277e47f4b58a850a19ee2baf57) Importer(815301076,1909f56bfc062723c751e8b465ee728b)
Start importing Assets/New Material 2.mat using Guid(4df82d277e47f4b58a850a19ee2baf57) Importer(815301076,1909f56bfc062723c751e8b465ee728b)  -> (artifact id: 'f30ab70d0e9986d66088cc0da0066fa4') in 0.016785 seconds 
  Import took 0.020539 seconds .

========================================================================
Received Import Request.
  Time since last request: 1754.770916 seconds.
  path: Assets/Scenes
  artifactKey: Guid(fed0a0cd3f8ce4367b48af53eee38ef1) Importer(815301076,1909f56bfc062723c751e8b465ee728b)
Start importing Assets/Scenes using Guid(fed0a0cd3f8ce4367b48af53eee38ef1) Importer(815301076,1909f56bfc062723c751e8b465ee728b)  -> (artifact id: '6efd1e012d91e7904828b6432cb7f610') in 0.006429 seconds 
  Import took 0.045689 seconds .

========================================================================
Received Import Request.
  Time since last request: 0.068154 seconds.
  path: Assets/Scenes
  artifactKey: Guid(fed0a0cd3f8ce4367b48af53eee38ef1) Importer(815301076,1909f56bfc062723c751e8b465ee728b)
Start importing Assets/Scenes using Guid(fed0a0cd3f8ce4367b48af53eee38ef1) Importer(815301076,1909f56bfc062723c751e8b465ee728b)  -> (artifact id: '6efd1e012d91e7904828b6432cb7f610') in 0.002154 seconds 
  Import took 0.004953 seconds .

========================================================================
Received Import Request.
  Time since last request: 58.120731 seconds.
  path: Assets/Scenes/ShaderScene.unity
  artifactKey: Guid(c3e3e15609163a548a768ef1095108f3) Importer(815301076,1909f56bfc062723c751e8b465ee728b)
Start importing Assets/Scenes/ShaderScene.unity using Guid(c3e3e15609163a548a768ef1095108f3) Importer(815301076,1909f56bfc062723c751e8b465ee728b)  -> (artifact id: '21524116f7c3ad16aaa1c853a3b1cf64') in 0.007137 seconds 
  Import took 0.423569 seconds .

========================================================================
Received Import Request.
  Time since last request: 11.394655 seconds.
  path: Assets/Animations/WomanWalk.controller
  artifactKey: Guid(cb23f5335476d407295af2f16de2b0f9) Importer(815301076,1909f56bfc062723c751e8b465ee728b)
Start importing Assets/Animations/WomanWalk.controller using Guid(cb23f5335476d407295af2f16de2b0f9) Importer(815301076,1909f56bfc062723c751e8b465ee728b)  -> (artifact id: 'a202ce868fecea05b601f3c97deffbf6') in 0.175595 seconds 
  Import took 0.959005 seconds .

========================================================================
Received Import Request.
  Time since last request: 0.866668 seconds.
  path: Assets/Animations/Kettlebell Controller.controller
  artifactKey: Guid(2f8e4da84087240f787b2718865c8c36) Importer(815301076,1909f56bfc062723c751e8b465ee728b)
Start importing Assets/Animations/Kettlebell Controller.controller using Guid(2f8e4da84087240f787b2718865c8c36) Importer(815301076,1909f56bfc062723c751e8b465ee728b)  -> (artifact id: '0d32d492ab29e983a404ed5cf42e4a2c') in 0.013799 seconds 
  Import took 0.256421 seconds .

========================================================================
Received Import Request.
  Time since last request: 20.895517 seconds.
  path: Assets/Animations/Walking.anim
  artifactKey: Guid(7d62372ea6a0d4a949c6c7ab2f45c576) Importer(815301076,1909f56bfc062723c751e8b465ee728b)
Start importing Assets/Animations/Walking.anim using Guid(7d62372ea6a0d4a949c6c7ab2f45c576) Importer(815301076,1909f56bfc062723c751e8b465ee728b)  -> (artifact id: '44ffe54e673c75bcc68dd41365e542f8') in 0.013439 seconds 
  Import took 0.016058 seconds .

========================================================================
Received Import Request.
  Time since last request: 0.080927 seconds.
  path: Assets/Animations/Walking.anim
  artifactKey: Guid(7d62372ea6a0d4a949c6c7ab2f45c576) Importer(815301076,1909f56bfc062723c751e8b465ee728b)
Start importing Assets/Animations/Walking.anim using Guid(7d62372ea6a0d4a949c6c7ab2f45c576) Importer(815301076,1909f56bfc062723c751e8b465ee728b)  -> (artifact id: '44ffe54e673c75bcc68dd41365e542f8') in 0.006750 seconds 
  Import took 0.009310 seconds .

========================================================================
Received Import Request.
  Time since last request: 13.029995 seconds.
  path: Assets/Materials/20210213_clip_25_1123_img_5.mat
  artifactKey: Guid(d68d9d5d6e67641d4b37243891f7a65a) Importer(815301076,1909f56bfc062723c751e8b465ee728b)
Start importing Assets/Materials/20210213_clip_25_1123_img_5.mat using Guid(d68d9d5d6e67641d4b37243891f7a65a) Importer(815301076,1909f56bfc062723c751e8b465ee728b)  -> (artifact id: '5970a875fafa1405ac5808bfe3bc25cc') in 0.015873 seconds 
  Import took 0.018691 seconds .

========================================================================
Received Import Request.
  Time since last request: 8.584857 seconds.
  path: Assets/Mixamo/Ch01_nonPBR@Kettlebell Swing.fbx
  artifactKey: Guid(838ed4844ea5a4b9ea23fa2c49ad317b) Importer(815301076,1909f56bfc062723c751e8b465ee728b)
Start importing Assets/Mixamo/Ch01_nonPBR@Kettlebell Swing.fbx using Guid(838ed4844ea5a4b9ea23fa2c49ad317b) Importer(815301076,1909f56bfc062723c751e8b465ee728b)  -> (artifact id: '9ee82cf54bd7720ed5fbe3f1967c40aa') in 0.791099 seconds 
  Import took 0.822313 seconds .

========================================================================
Received Import Request.
  Time since last request: 0.000290 seconds.
  path: Assets/Mixamo/Douglas@Walking.fbx
  artifactKey: Guid(10c52c0bad0774032a52a29102b41cfc) Importer(815301076,1909f56bfc062723c751e8b465ee728b)
Start importing Assets/Mixamo/Douglas@Walking.fbx using Guid(10c52c0bad0774032a52a29102b41cfc) Importer(815301076,1909f56bfc062723c751e8b465ee728b)  -> (artifact id: '4a9b12a78cddd6ee91b7614b644c006c') in 0.138263 seconds 
  Import took 0.167758 seconds .

========================================================================
Received Import Request.
  Time since last request: 44.034990 seconds.
  path: Assets/Materials/soldierBody.mat
  artifactKey: Guid(46d27eaa5bb79674cb57fd37e70d6ed7) Importer(815301076,1909f56bfc062723c751e8b465ee728b)
Start importing Assets/Materials/soldierBody.mat using Guid(46d27eaa5bb79674cb57fd37e70d6ed7) Importer(815301076,1909f56bfc062723c751e8b465ee728b)  -> (artifact id: 'f54f234a1591840d3f8152baeb407393') in 0.013749 seconds 
  Import took 0.099296 seconds .

========================================================================
Received Import Request.
  Time since last request: 0.000345 seconds.
  path: Assets/Materials/SoldierFace 1.mat
  artifactKey: Guid(421e5475496f14e4c9a5aa3b156ac5f7) Importer(815301076,1909f56bfc062723c751e8b465ee728b)
Start importing Assets/Materials/SoldierFace 1.mat using Guid(421e5475496f14e4c9a5aa3b156ac5f7) Importer(815301076,1909f56bfc062723c751e8b465ee728b)  -> (artifact id: 'e368280a0736a0b903bdeeeff2c3969b') in 0.013126 seconds 
  Import took 0.051559 seconds .

========================================================================
Received Import Request.
  Time since last request: 67.461944 seconds.
  path: Assets/Materials
  artifactKey: Guid(249314e4c741a44a1b67cc7de1321259) Importer(815301076,1909f56bfc062723c751e8b465ee728b)
Start importing Assets/Materials using Guid(249314e4c741a44a1b67cc7de1321259) Importer(815301076,1909f56bfc062723c751e8b465ee728b)  -> (artifact id: '246edfeb9239f86ee127d248d822a7b6') in 0.006832 seconds 
  Import took 0.160965 seconds .

========================================================================
Received Import Request.
  Time since last request: 0.000337 seconds.
  path: Assets/Materials/New Material.mat
  artifactKey: Guid(a00e6edd63c594f80bb2241a907735ef) Importer(815301076,1909f56bfc062723c751e8b465ee728b)
Start importing Assets/Materials/New Material.mat using Guid(a00e6edd63c594f80bb2241a907735ef) Importer(815301076,1909f56bfc062723c751e8b465ee728b)  -> (artifact id: '347711d6f1389fd99eb79bfe035db7c8') in 0.013944 seconds 
  Import took 0.277140 seconds .

========================================================================
Received Import Request.
  Time since last request: 0.000334 seconds.
  path: Assets/Materials/New Material 1.mat
  artifactKey: Guid(3b715765aa3804e8889e6c116693713a) Importer(815301076,1909f56bfc062723c751e8b465ee728b)
Start importing Assets/Materials/New Material 1.mat using Guid(3b715765aa3804e8889e6c116693713a) Importer(815301076,1909f56bfc062723c751e8b465ee728b)  -> (artifact id: '575e980cf5814170d1f31e890fcdf18c') in 0.012741 seconds 
  Import took 0.111538 seconds .

========================================================================
Received Import Request.
  Time since last request: 0.000324 seconds.
  path: Assets/Materials/grayPerson.mat
  artifactKey: Guid(fe13621a58d7b47a18b25738e8fcbf48) Importer(815301076,1909f56bfc062723c751e8b465ee728b)
Start importing Assets/Materials/grayPerson.mat using Guid(fe13621a58d7b47a18b25738e8fcbf48) Importer(815301076,1909f56bfc062723c751e8b465ee728b)  -> (artifact id: '83af3046b7e08f413ef6a1121d76583a') in 0.009780 seconds 
  Import took 0.012251 seconds .

========================================================================
Received Import Request.
  Time since last request: 0.000355 seconds.
  path: Assets/Materials/Person.mat
  artifactKey: Guid(eb7728d1b017047cab47b3f9e0ba426b) Importer(815301076,1909f56bfc062723c751e8b465ee728b)
Start importing Assets/Materials/Person.mat using Guid(eb7728d1b017047cab47b3f9e0ba426b) Importer(815301076,1909f56bfc062723c751e8b465ee728b)  -> (artifact id: '39dddb0489e287b066a2d87df0e26335') in 0.010594 seconds 
  Import took 0.050436 seconds .

========================================================================
Received Import Request.
  Time since last request: 0.000305 seconds.
  path: Assets/Materials/New Material 2.mat
  artifactKey: Guid(4df82d277e47f4b58a850a19ee2baf57) Importer(815301076,1909f56bfc062723c751e8b465ee728b)
Start importing Assets/Materials/New Material 2.mat using Guid(4df82d277e47f4b58a850a19ee2baf57) Importer(815301076,1909f56bfc062723c751e8b465ee728b)  -> (artifact id: '7bdd80440e0ae7394a377fc9c37d4240') in 0.015866 seconds 
  Import took 0.118422 seconds .

========================================================================
Received Import Request.
  Time since last request: 11.649520 seconds.
  path: Assets/Materials/sampleScene
  artifactKey: Guid(9de1cfff18c078842b6c32c9922fac4f) Importer(815301076,1909f56bfc062723c751e8b465ee728b)
Start importing Assets/Materials/sampleScene using Guid(9de1cfff18c078842b6c32c9922fac4f) Importer(815301076,1909f56bfc062723c751e8b465ee728b)  -> (artifact id: 'bf4b30867a841fd005c433765a90dde3') in 0.007295 seconds 
  Import took 0.025212 seconds .

========================================================================
Received Import Request.
  Time since last request: 11.089410 seconds.
  path: Assets/Materials/shaderScene
  artifactKey: Guid(e67b2caf4fae2c34c91ef50225b3e4b7) Importer(815301076,1909f56bfc062723c751e8b465ee728b)
Start importing Assets/Materials/shaderScene using Guid(e67b2caf4fae2c34c91ef50225b3e4b7) Importer(815301076,1909f56bfc062723c751e8b465ee728b)  -> (artifact id: 'ab86c8abc2b1c12b00c15c902f95b977') in 0.009449 seconds 
  Import took 0.021132 seconds .

========================================================================
Received Import Request.
  Time since last request: 45.873712 seconds.
  path: Assets/Mixamo/transparent.mat
  artifactKey: Guid(8d1c90fb3977a4f1d99ac9d7a145e166) Importer(815301076,1909f56bfc062723c751e8b465ee728b)
Start importing Assets/Mixamo/transparent.mat using Guid(8d1c90fb3977a4f1d99ac9d7a145e166) Importer(815301076,1909f56bfc062723c751e8b465ee728b)  -> (artifact id: '8dca603919bfd830e1bba05f7c0598ce') in 0.008929 seconds 
  Import took 0.086478 seconds .

========================================================================
Received Import Request.
  Time since last request: 28.363626 seconds.
  path: Assets/Mixamo/Silly Dancing.fbx
  artifactKey: Guid(bef98724eaa829f4daa2312d125b8ecf) Importer(815301076,1909f56bfc062723c751e8b465ee728b)
Start importing Assets/Mixamo/Silly Dancing.fbx using Guid(bef98724eaa829f4daa2312d125b8ecf) Importer(815301076,1909f56bfc062723c751e8b465ee728b)  -> (artifact id: '4042120ed99ccc56daf0e908217eb1a8') in 0.074233 seconds 
  Import took 0.095114 seconds .

========================================================================
Received Import Request.
  Time since last request: 8.087172 seconds.
  path: Assets/Mixamo/mixamo.com.anim
  artifactKey: Guid(91b808745f77c6f4d82562607a3ee37e) Importer(815301076,1909f56bfc062723c751e8b465ee728b)
Start importing Assets/Mixamo/mixamo.com.anim using Guid(91b808745f77c6f4d82562607a3ee37e) Importer(815301076,1909f56bfc062723c751e8b465ee728b)  -> (artifact id: '8620080ba0a49b6cbc40754cec819795') in 0.015878 seconds 
  Import took 0.018814 seconds .

========================================================================
Received Import Request.
  Time since last request: 18.202867 seconds.
  path: Assets/Mixamo/sillyDance.anim
  artifactKey: Guid(91b808745f77c6f4d82562607a3ee37e) Importer(815301076,1909f56bfc062723c751e8b465ee728b)
Start importing Assets/Mixamo/sillyDance.anim using Guid(91b808745f77c6f4d82562607a3ee37e) Importer(815301076,1909f56bfc062723c751e8b465ee728b)  -> (artifact id: '139dec0fbf734f101e31dabf85e1b745') in 0.014967 seconds 
  Import took 0.039782 seconds .

========================================================================
Received Import Request.
  Time since last request: 35.870598 seconds.
  path: Assets/Materials/New Folder
  artifactKey: Guid(59b59322628739c46a4fea6f10c8655c) Importer(815301076,1909f56bfc062723c751e8b465ee728b)
Start importing Assets/Materials/New Folder using Guid(59b59322628739c46a4fea6f10c8655c) Importer(815301076,1909f56bfc062723c751e8b465ee728b)  -> (artifact id: 'f6cc8e6853012442a2783a91cc902399') in 0.006916 seconds 
  Import took 0.009758 seconds .

========================================================================
Received Import Request.
  Time since last request: 0.002179 seconds.
  path: Assets/Materials/New Folder
  artifactKey: Guid(59b59322628739c46a4fea6f10c8655c) Importer(815301076,1909f56bfc062723c751e8b465ee728b)
Start importing Assets/Materials/New Folder using Guid(59b59322628739c46a4fea6f10c8655c) Importer(815301076,1909f56bfc062723c751e8b465ee728b)  -> (artifact id: 'f6cc8e6853012442a2783a91cc902399') in 0.003020 seconds 
  Import took 0.007045 seconds .

========================================================================
Received Import Request.
  Time since last request: 36.511312 seconds.
  path: Assets/Animations/controller.controller
  artifactKey: Guid(5338b51f8aa2c0c44b1342706e8decdb) Importer(815301076,1909f56bfc062723c751e8b465ee728b)
Start importing Assets/Animations/controller.controller using Guid(5338b51f8aa2c0c44b1342706e8decdb) Importer(815301076,1909f56bfc062723c751e8b465ee728b)  -> (artifact id: '8a33a10859394bb4488ab91958b915c6') in 0.008105 seconds 
  Import took 0.029126 seconds .

========================================================================
Received Import Request.
  Time since last request: 27.018252 seconds.
  path: Assets/Materials/shaderScene/soldierBody.mat
  artifactKey: Guid(46d27eaa5bb79674cb57fd37e70d6ed7) Importer(815301076,1909f56bfc062723c751e8b465ee728b)
Start importing Assets/Materials/shaderScene/soldierBody.mat using Guid(46d27eaa5bb79674cb57fd37e70d6ed7) Importer(815301076,1909f56bfc062723c751e8b465ee728b)  -> (artifact id: 'f04810b16b72e82eaf5c832f145486c4') in 0.022265 seconds 
  Import took 0.174810 seconds .

========================================================================
Received Import Request.
  Time since last request: 0.000330 seconds.
  path: Assets/Materials/shaderScene/SoldierFace 1.mat
  artifactKey: Guid(421e5475496f14e4c9a5aa3b156ac5f7) Importer(815301076,1909f56bfc062723c751e8b465ee728b)
Start importing Assets/Materials/shaderScene/SoldierFace 1.mat using Guid(421e5475496f14e4c9a5aa3b156ac5f7) Importer(815301076,1909f56bfc062723c751e8b465ee728b)  -> (artifact id: 'a176c60856335535cbc584eebd0e45cd') in 0.017326 seconds 
  Import took 0.021197 seconds .

========================================================================
Received Import Request.
  Time since last request: 1.368527 seconds.
  path: Assets/Materials/Textures/Soldier_Body_blurred_diffuse.png
  artifactKey: Guid(be54b6873934ec84d91f53d805881861) Importer(815301076,1909f56bfc062723c751e8b465ee728b)
Start importing Assets/Materials/Textures/Soldier_Body_blurred_diffuse.png using Guid(be54b6873934ec84d91f53d805881861) Importer(815301076,1909f56bfc062723c751e8b465ee728b)  -> (artifact id: '65cd2221f27678becfa0c3b030268cc1') in 0.022532 seconds 
  Import took 0.146210 seconds .

========================================================================
Received Import Request.
  Time since last request: 1.432717 seconds.
  path: Assets/Materials/Textures/background.jpg
  artifactKey: Guid(12b94fd7aa8c10a499c839bb80ff72e9) Importer(815301076,1909f56bfc062723c751e8b465ee728b)
Start importing Assets/Materials/Textures/background.jpg using Guid(12b94fd7aa8c10a499c839bb80ff72e9) Importer(815301076,1909f56bfc062723c751e8b465ee728b)  -> (artifact id: 'deebceff783add7d6b36ba8c4fded481') in 0.160743 seconds 
  Import took 0.163830 seconds .

========================================================================
Received Import Request.
  Time since last request: 0.000323 seconds.
  path: Assets/Materials/Textures/Earthmap720x360_grid.jpg
  artifactKey: Guid(4726efca75b6b6349a493251e2c409b6) Importer(815301076,1909f56bfc062723c751e8b465ee728b)
Start importing Assets/Materials/Textures/Earthmap720x360_grid.jpg using Guid(4726efca75b6b6349a493251e2c409b6) Importer(815301076,1909f56bfc062723c751e8b465ee728b)  -> (artifact id: 'c0211dccdcc3fba01bfbd141416ba92b') in 0.016281 seconds 
  Import took 0.031917 seconds .

========================================================================
Received Import Request.
  Time since last request: 0.000323 seconds.
  path: Assets/Materials/Textures/Soldier_head_specular.png
  artifactKey: Guid(5da57551e9588ed40907023f6fafb694) Importer(815301076,1909f56bfc062723c751e8b465ee728b)
Start importing Assets/Materials/Textures/Soldier_head_specular.png using Guid(5da57551e9588ed40907023f6fafb694) Importer(815301076,1909f56bfc062723c751e8b465ee728b)  -> (artifact id: '97ffc82b084dd906d880a632a16f6c58') in 0.017955 seconds 
  Import took 0.022255 seconds .

========================================================================
Received Import Request.
  Time since last request: 0.000320 seconds.
  path: Assets/Materials/Textures/Soldier_Body_diffuse.png
  artifactKey: Guid(cd30d1e2e0d28e44491aee1ed423446b) Importer(815301076,1909f56bfc062723c751e8b465ee728b)
Start importing Assets/Materials/Textures/Soldier_Body_diffuse.png using Guid(cd30d1e2e0d28e44491aee1ed423446b) Importer(815301076,1909f56bfc062723c751e8b465ee728b)  -> (artifact id: '51a9d972fc90f538b3016b2a3068509b') in 0.033568 seconds 
  Import took 0.037310 seconds .

========================================================================
Received Import Request.
  Time since last request: 0.000300 seconds.
  path: Assets/Materials/Textures/Soldier_Body_specular.png
  artifactKey: Guid(ea62ecb03201d0b40a0899be6d73af13) Importer(815301076,1909f56bfc062723c751e8b465ee728b)
Start importing Assets/Materials/Textures/Soldier_Body_specular.png using Guid(ea62ecb03201d0b40a0899be6d73af13) Importer(815301076,1909f56bfc062723c751e8b465ee728b)  -> (artifact id: '3bbdcb99c1d7c25c7e312bbaa4911c59') in 0.016727 seconds 
  Import took 0.019799 seconds .

========================================================================
Received Import Request.
  Time since last request: 0.000345 seconds.
  path: Assets/Materials/Textures/Soldier_head_diffuse.png
  artifactKey: Guid(a27900be16d015549a7fab642335f450) Importer(815301076,1909f56bfc062723c751e8b465ee728b)
Start importing Assets/Materials/Textures/Soldier_head_diffuse.png using Guid(a27900be16d015549a7fab642335f450) Importer(815301076,1909f56bfc062723c751e8b465ee728b)  -> (artifact id: 'c653c1075d1945a5f57c01e04f258427') in 0.017393 seconds 
  Import took 0.021871 seconds .

========================================================================
Received Import Request.
  Time since last request: 0.000327 seconds.
  path: Assets/Materials/Textures/Soldier_head_normal.png
  artifactKey: Guid(9a0b781b8461b484cae0155e56fb03af) Importer(815301076,1909f56bfc062723c751e8b465ee728b)
Start importing Assets/Materials/Textures/Soldier_head_normal.png using Guid(9a0b781b8461b484cae0155e56fb03af) Importer(815301076,1909f56bfc062723c751e8b465ee728b)  -> (artifact id: 'b0c4679250a8814af5fe2154b249d68f') in 0.018348 seconds 
  Import took 0.033283 seconds .

========================================================================
Received Import Request.
  Time since last request: 0.000387 seconds.
  path: Assets/Materials/Textures/Soldier_Body_normal.png
  artifactKey: Guid(fb97641ecdb5da748aa9029056884dc5) Importer(815301076,1909f56bfc062723c751e8b465ee728b)
Start importing Assets/Materials/Textures/Soldier_Body_normal.png using Guid(fb97641ecdb5da748aa9029056884dc5) Importer(815301076,1909f56bfc062723c751e8b465ee728b)  -> (artifact id: '3e4aaec451d729691f309f71f84278b1') in 0.019722 seconds 
  Import took 0.032985 seconds .

========================================================================
Received Import Request.
  Time since last request: 46.818479 seconds.
  path: Assets/Materials/shaderScene/simpleMaterial.mat
  artifactKey: Guid(724aba336aab95c458927f351632aebf) Importer(815301076,1909f56bfc062723c751e8b465ee728b)
Start importing Assets/Materials/shaderScene/simpleMaterial.mat using Guid(724aba336aab95c458927f351632aebf) Importer(815301076,1909f56bfc062723c751e8b465ee728b)  -> (artifact id: '660412b3652cd561255feac32fabd32b') in 0.016779 seconds 
  Import took 0.020045 seconds .

========================================================================
Received Import Request.
  Time since last request: 163.599995 seconds.
  path: Assets/Materials/shaderScene/simpleMaterial.mat
  artifactKey: Guid(724aba336aab95c458927f351632aebf) Importer(815301076,1909f56bfc062723c751e8b465ee728b)
Start importing Assets/Materials/shaderScene/simpleMaterial.mat using Guid(724aba336aab95c458927f351632aebf) Importer(815301076,1909f56bfc062723c751e8b465ee728b)  -> (artifact id: '7cc26952c7daae2697147711a244c7de') in 0.015211 seconds 
  Import took 0.018609 seconds .

========================================================================
Received Import Request.
  Time since last request: 69.896924 seconds.
  path: Assets/Materials/shaderScene/simpleMaterial.mat
  artifactKey: Guid(724aba336aab95c458927f351632aebf) Importer(815301076,1909f56bfc062723c751e8b465ee728b)
Start importing Assets/Materials/shaderScene/simpleMaterial.mat using Guid(724aba336aab95c458927f351632aebf) Importer(815301076,1909f56bfc062723c751e8b465ee728b)  -> (artifact id: '0e35cfaf4431a38802cb49e46e35ca0e') in 0.012062 seconds 
  Import took 0.017852 seconds .

========================================================================
Received Prepare
Registering precompiled user dll's ...
Registered in 0.005386 seconds.
Begin MonoManager ReloadAssembly
Native extension for WindowsStandalone target not found
Refreshing native plugins compatible for Editor in 0.38 ms, found 5 plugins.
Preloading 0 native plugins for Editor in 0.00 ms.
Mono: successfully reloaded assembly
- Completed reload, in  1.153 seconds
Domain Reload Profiling:
	ReloadAssembly (1154ms)
		BeginReloadAssembly (126ms)
			ExecutionOrderSort (0ms)
			DisableScriptedObjects (4ms)
			BackupInstance (0ms)
			ReleaseScriptingObjects (0ms)
			CreateAndSetChildDomain (36ms)
		EndReloadAssembly (963ms)
			LoadAssemblies (87ms)
			RebuildTransferFunctionScriptingTraits (0ms)
			SetupTypeCache (276ms)
			ReleaseScriptCaches (1ms)
			RebuildScriptCaches (43ms)
			SetupLoadedEditorAssemblies (445ms)
				LogAssemblyErrors (0ms)
				InitializePlatformSupportModulesInManaged (5ms)
				SetLoadedEditorAssemblies (0ms)
				RefreshPlugins (0ms)
				BeforeProcessingInitializeOnLoad (55ms)
				ProcessInitializeOnLoadAttributes (372ms)
				ProcessInitializeOnLoadMethodAttributes (4ms)
				AfterProcessingInitializeOnLoad (8ms)
				EditorAssembliesLoaded (0ms)
			ExecutionOrderSort2 (0ms)
			AwakeInstancesAfterBackupRestoration (7ms)
Platform modules already initialized, skipping
Refreshing native plugins compatible for Editor in 0.66 ms, found 5 plugins.
Preloading 0 native plugins for Editor in 0.00 ms.
Unloading 1532 Unused Serialized files (Serialized files now loaded: 0)
System memory in use before: 86.5 MB.
System memory in use after: 86.6 MB.

Unloading 21 unused Assets to reduce memory usage. Loaded Objects now: 2025.
Total: 2.916600 ms (FindLiveObjects: 0.167200 ms CreateObjectMapping: 0.055200 ms MarkObjects: 2.637600 ms  DeleteObjects: 0.055200 ms)

AssetImportParameters requested are different than current active one (requested -> active):
  custom:framework-win-MediaFoundation: 216162199b28c13a410421893ffa2e32 -> 
  custom:video-decoder-ogg-theora: a1e56fd34408186e4bbccfd4996cb3dc -> 
  custom:container-muxer-webm: aa71ff27fc2769a1b78a27578f13a17b -> 
  custom:container-demuxer-webm: 4f35f7cbe854078d1ac9338744f61a02 -> 
  custom:container-demuxer-ogg: 62fdf1f143b41e24485cea50d1cbac27 -> 
  custom:video-encoder-webm-vp8: eb34c28f22e8b96e1ab97ce403110664 -> 
  custom:video-codec-MediaFoundation-h265: 746d11721c4dcdbdad8f713fa42b33f4 -> 
  custom:video-decoder-webm-vp8: 9c59270c3fd7afecdb556c50c9e8de78 -> 
  custom:audio-decoder-ogg-vorbis: bf7c407c2cedff20999df2af8eb42d56 -> 
  custom:audio-encoder-webm-vorbis: bf7c407c2cedff20999df2af8eb42d56 -> 
========================================================================
Received Prepare
Registering precompiled user dll's ...
Registered in 0.005971 seconds.
Begin MonoManager ReloadAssembly
Native extension for WindowsStandalone target not found
Refreshing native plugins compatible for Editor in 0.40 ms, found 5 plugins.
Preloading 0 native plugins for Editor in 0.00 ms.
Mono: successfully reloaded assembly
- Completed reload, in  1.220 seconds
Domain Reload Profiling:
	ReloadAssembly (1221ms)
		BeginReloadAssembly (127ms)
			ExecutionOrderSort (0ms)
			DisableScriptedObjects (6ms)
			BackupInstance (0ms)
			ReleaseScriptingObjects (0ms)
			CreateAndSetChildDomain (41ms)
		EndReloadAssembly (1026ms)
			LoadAssemblies (101ms)
			RebuildTransferFunctionScriptingTraits (0ms)
			SetupTypeCache (312ms)
			ReleaseScriptCaches (1ms)
			RebuildScriptCaches (42ms)
			SetupLoadedEditorAssemblies (468ms)
				LogAssemblyErrors (0ms)
				InitializePlatformSupportModulesInManaged (5ms)
				SetLoadedEditorAssemblies (0ms)
				RefreshPlugins (0ms)
				BeforeProcessingInitializeOnLoad (62ms)
				ProcessInitializeOnLoadAttributes (388ms)
				ProcessInitializeOnLoadMethodAttributes (4ms)
				AfterProcessingInitializeOnLoad (7ms)
				EditorAssembliesLoaded (0ms)
			ExecutionOrderSort2 (0ms)
			AwakeInstancesAfterBackupRestoration (7ms)
Platform modules already initialized, skipping
Refreshing native plugins compatible for Editor in 0.40 ms, found 5 plugins.
Preloading 0 native plugins for Editor in 0.00 ms.
Unloading 1532 Unused Serialized files (Serialized files now loaded: 0)
System memory in use before: 86.4 MB.
System memory in use after: 86.5 MB.

Unloading 21 unused Assets to reduce memory usage. Loaded Objects now: 2028.
Total: 2.980900 ms (FindLiveObjects: 0.170400 ms CreateObjectMapping: 0.055100 ms MarkObjects: 2.703000 ms  DeleteObjects: 0.051300 ms)

AssetImportParameters requested are different than current active one (requested -> active):
  custom:framework-win-MediaFoundation: 216162199b28c13a410421893ffa2e32 -> 
  custom:video-decoder-ogg-theora: a1e56fd34408186e4bbccfd4996cb3dc -> 
  custom:container-muxer-webm: aa71ff27fc2769a1b78a27578f13a17b -> 
  custom:container-demuxer-webm: 4f35f7cbe854078d1ac9338744f61a02 -> 
  custom:container-demuxer-ogg: 62fdf1f143b41e24485cea50d1cbac27 -> 
  custom:video-encoder-webm-vp8: eb34c28f22e8b96e1ab97ce403110664 -> 
  custom:video-codec-MediaFoundation-h265: 746d11721c4dcdbdad8f713fa42b33f4 -> 
  custom:video-decoder-webm-vp8: 9c59270c3fd7afecdb556c50c9e8de78 -> 
  custom:audio-decoder-ogg-vorbis: bf7c407c2cedff20999df2af8eb42d56 -> 
  custom:audio-encoder-webm-vorbis: bf7c407c2cedff20999df2af8eb42d56 -> 
========================================================================
Received Import Request.
  Time since last request: 86.135363 seconds.
  path: Assets/NewBehaviourScript.cs
  artifactKey: Guid(46f109d0f3435e549aa83273842cee1d) Importer(815301076,1909f56bfc062723c751e8b465ee728b)
Start importing Assets/NewBehaviourScript.cs using Guid(46f109d0f3435e549aa83273842cee1d) Importer(815301076,1909f56bfc062723c751e8b465ee728b)  -> (artifact id: '2723da3f3607627b3981a9fee69486ed') in 0.141068 seconds 
  Import took 0.165875 seconds .

========================================================================
Received Prepare
Registering precompiled user dll's ...
Registered in 0.005580 seconds.
Begin MonoManager ReloadAssembly
Native extension for WindowsStandalone target not found
Refreshing native plugins compatible for Editor in 0.40 ms, found 5 plugins.
Preloading 0 native plugins for Editor in 0.00 ms.
Mono: successfully reloaded assembly
- Completed reload, in  1.193 seconds
Domain Reload Profiling:
	ReloadAssembly (1193ms)
		BeginReloadAssembly (120ms)
			ExecutionOrderSort (0ms)
			DisableScriptedObjects (4ms)
			BackupInstance (0ms)
			ReleaseScriptingObjects (0ms)
			CreateAndSetChildDomain (36ms)
		EndReloadAssembly (1001ms)
			LoadAssemblies (99ms)
			RebuildTransferFunctionScriptingTraits (0ms)
			SetupTypeCache (297ms)
			ReleaseScriptCaches (1ms)
			RebuildScriptCaches (45ms)
			SetupLoadedEditorAssemblies (427ms)
				LogAssemblyErrors (0ms)
				InitializePlatformSupportModulesInManaged (5ms)
				SetLoadedEditorAssemblies (0ms)
				RefreshPlugins (0ms)
				BeforeProcessingInitializeOnLoad (63ms)
				ProcessInitializeOnLoadAttributes (344ms)
				ProcessInitializeOnLoadMethodAttributes (4ms)
				AfterProcessingInitializeOnLoad (9ms)
				EditorAssembliesLoaded (0ms)
			ExecutionOrderSort2 (0ms)
			AwakeInstancesAfterBackupRestoration (7ms)
Platform modules already initialized, skipping
Refreshing native plugins compatible for Editor in 0.41 ms, found 5 plugins.
Preloading 0 native plugins for Editor in 0.00 ms.
Unloading 1531 Unused Serialized files (Serialized files now loaded: 0)
System memory in use before: 86.4 MB.
System memory in use after: 86.5 MB.

Unloading 22 unused Assets to reduce memory usage. Loaded Objects now: 2029.
Total: 3.027400 ms (FindLiveObjects: 0.147700 ms CreateObjectMapping: 0.048800 ms MarkObjects: 2.781300 ms  DeleteObjects: 0.048500 ms)

AssetImportParameters requested are different than current active one (requested -> active):
  custom:framework-win-MediaFoundation: 216162199b28c13a410421893ffa2e32 -> 
  custom:video-decoder-ogg-theora: a1e56fd34408186e4bbccfd4996cb3dc -> 
  custom:container-muxer-webm: aa71ff27fc2769a1b78a27578f13a17b -> 
  custom:container-demuxer-webm: 4f35f7cbe854078d1ac9338744f61a02 -> 
  custom:container-demuxer-ogg: 62fdf1f143b41e24485cea50d1cbac27 -> 
  custom:video-encoder-webm-vp8: eb34c28f22e8b96e1ab97ce403110664 -> 
  custom:video-codec-MediaFoundation-h265: 746d11721c4dcdbdad8f713fa42b33f4 -> 
  custom:video-decoder-webm-vp8: 9c59270c3fd7afecdb556c50c9e8de78 -> 
  custom:audio-decoder-ogg-vorbis: bf7c407c2cedff20999df2af8eb42d56 -> 
  custom:audio-encoder-webm-vorbis: bf7c407c2cedff20999df2af8eb42d56 -> 
========================================================================
Received Import Request.
  Time since last request: 14.452274 seconds.
  path: Assets/Scripts
  artifactKey: Guid(5b3ae65a33a20774193c65072e545783) Importer(815301076,1909f56bfc062723c751e8b465ee728b)
Start importing Assets/Scripts using Guid(5b3ae65a33a20774193c65072e545783) Importer(815301076,1909f56bfc062723c751e8b465ee728b)  -> (artifact id: '3d36538e05e63b1c945223c7a3d1d560') in 0.012273 seconds 
  Import took 0.116193 seconds .

========================================================================
Received Import Request.
  Time since last request: 1.263251 seconds.
  path: Assets/MovePerson.cs
  artifactKey: Guid(44adbdfa51a154e228ec3047bb0c4737) Importer(815301076,1909f56bfc062723c751e8b465ee728b)
Start importing Assets/MovePerson.cs using Guid(44adbdfa51a154e228ec3047bb0c4737) Importer(815301076,1909f56bfc062723c751e8b465ee728b)  -> (artifact id: '9f8cce47097e7b48f229b1fe9aa136d9') in 0.007557 seconds 
  Import took 0.010207 seconds .

========================================================================
Received Prepare
Registering precompiled user dll's ...
Registered in 0.005289 seconds.
Begin MonoManager ReloadAssembly
Native extension for WindowsStandalone target not found
Refreshing native plugins compatible for Editor in 0.39 ms, found 5 plugins.
Preloading 0 native plugins for Editor in 0.00 ms.
Mono: successfully reloaded assembly
- Completed reload, in  1.182 seconds
Domain Reload Profiling:
	ReloadAssembly (1182ms)
		BeginReloadAssembly (116ms)
			ExecutionOrderSort (0ms)
			DisableScriptedObjects (4ms)
			BackupInstance (0ms)
			ReleaseScriptingObjects (0ms)
			CreateAndSetChildDomain (33ms)
		EndReloadAssembly (989ms)
			LoadAssemblies (101ms)
			RebuildTransferFunctionScriptingTraits (0ms)
			SetupTypeCache (278ms)
			ReleaseScriptCaches (1ms)
			RebuildScriptCaches (47ms)
			SetupLoadedEditorAssemblies (439ms)
				LogAssemblyErrors (0ms)
				InitializePlatformSupportModulesInManaged (5ms)
				SetLoadedEditorAssemblies (0ms)
				RefreshPlugins (0ms)
				BeforeProcessingInitializeOnLoad (64ms)
				ProcessInitializeOnLoadAttributes (358ms)
				ProcessInitializeOnLoadMethodAttributes (4ms)
				AfterProcessingInitializeOnLoad (7ms)
				EditorAssembliesLoaded (0ms)
			ExecutionOrderSort2 (0ms)
			AwakeInstancesAfterBackupRestoration (7ms)
Platform modules already initialized, skipping
Refreshing native plugins compatible for Editor in 0.41 ms, found 5 plugins.
Preloading 0 native plugins for Editor in 0.00 ms.
Unloading 1531 Unused Serialized files (Serialized files now loaded: 0)
System memory in use before: 86.4 MB.
System memory in use after: 86.5 MB.

Unloading 21 unused Assets to reduce memory usage. Loaded Objects now: 2031.
Total: 3.240700 ms (FindLiveObjects: 0.207200 ms CreateObjectMapping: 0.049600 ms MarkObjects: 2.935400 ms  DeleteObjects: 0.047300 ms)

AssetImportParameters requested are different than current active one (requested -> active):
  custom:framework-win-MediaFoundation: 216162199b28c13a410421893ffa2e32 -> 
  custom:video-decoder-ogg-theora: a1e56fd34408186e4bbccfd4996cb3dc -> 
  custom:container-muxer-webm: aa71ff27fc2769a1b78a27578f13a17b -> 
  custom:container-demuxer-webm: 4f35f7cbe854078d1ac9338744f61a02 -> 
  custom:container-demuxer-ogg: 62fdf1f143b41e24485cea50d1cbac27 -> 
  custom:video-encoder-webm-vp8: eb34c28f22e8b96e1ab97ce403110664 -> 
  custom:video-codec-MediaFoundation-h265: 746d11721c4dcdbdad8f713fa42b33f4 -> 
  custom:video-decoder-webm-vp8: 9c59270c3fd7afecdb556c50c9e8de78 -> 
  custom:audio-decoder-ogg-vorbis: bf7c407c2cedff20999df2af8eb42d56 -> 
  custom:audio-encoder-webm-vorbis: bf7c407c2cedff20999df2af8eb42d56 -> 
========================================================================
Received Import Request.
  Time since last request: 21.407766 seconds.
  path: Assets/Materials/Textures/Soldier_head_normal.png
  artifactKey: Guid(9a0b781b8461b484cae0155e56fb03af) Importer(815301076,1909f56bfc062723c751e8b465ee728b)
Start importing Assets/Materials/Textures/Soldier_head_normal.png using Guid(9a0b781b8461b484cae0155e56fb03af) Importer(815301076,1909f56bfc062723c751e8b465ee728b)  -> (artifact id: '8a43b2a396644220fcc772ed84273725') in 0.101416 seconds 
  Import took 0.106374 seconds .

========================================================================
Received Import Request.
  Time since last request: 10.279481 seconds.
  path: Assets/Materials/Textures/Soldier_Body_normal.png
  artifactKey: Guid(fb97641ecdb5da748aa9029056884dc5) Importer(815301076,1909f56bfc062723c751e8b465ee728b)
Start importing Assets/Materials/Textures/Soldier_Body_normal.png using Guid(fb97641ecdb5da748aa9029056884dc5) Importer(815301076,1909f56bfc062723c751e8b465ee728b)  -> (artifact id: '243df49943c9298586cad0f47a8acb03') in 0.019305 seconds 
  Import took 0.022180 seconds .

========================================================================
Received Import Request.
  Time since last request: 0.002607 seconds.
  path: Assets/Materials/Textures/Soldier_Body_normal.png
  artifactKey: Guid(fb97641ecdb5da748aa9029056884dc5) Importer(815301076,1909f56bfc062723c751e8b465ee728b)
Start importing Assets/Materials/Textures/Soldier_Body_normal.png using Guid(fb97641ecdb5da748aa9029056884dc5) Importer(815301076,1909f56bfc062723c751e8b465ee728b)  -> (artifact id: '243df49943c9298586cad0f47a8acb03') in 0.022386 seconds 
  Import took 0.028099 seconds .

========================================================================
Received Prepare
Registering precompiled user dll's ...
Registered in 0.005366 seconds.
Begin MonoManager ReloadAssembly
Native extension for WindowsStandalone target not found
Refreshing native plugins compatible for Editor in 0.44 ms, found 5 plugins.
Preloading 0 native plugins for Editor in 0.00 ms.
Mono: successfully reloaded assembly
- Completed reload, in  1.344 seconds
Domain Reload Profiling:
	ReloadAssembly (1345ms)
		BeginReloadAssembly (136ms)
			ExecutionOrderSort (0ms)
			DisableScriptedObjects (5ms)
			BackupInstance (0ms)
			ReleaseScriptingObjects (0ms)
			CreateAndSetChildDomain (43ms)
		EndReloadAssembly (1140ms)
			LoadAssemblies (102ms)
			RebuildTransferFunctionScriptingTraits (0ms)
			SetupTypeCache (289ms)
			ReleaseScriptCaches (1ms)
			RebuildScriptCaches (42ms)
			SetupLoadedEditorAssemblies (588ms)
				LogAssemblyErrors (0ms)
				InitializePlatformSupportModulesInManaged (6ms)
				SetLoadedEditorAssemblies (1ms)
				RefreshPlugins (1ms)
				BeforeProcessingInitializeOnLoad (60ms)
				ProcessInitializeOnLoadAttributes (510ms)
				ProcessInitializeOnLoadMethodAttributes (4ms)
				AfterProcessingInitializeOnLoad (7ms)
				EditorAssembliesLoaded (0ms)
			ExecutionOrderSort2 (0ms)
			AwakeInstancesAfterBackupRestoration (7ms)
Platform modules already initialized, skipping
Refreshing native plugins compatible for Editor in 0.39 ms, found 5 plugins.
Preloading 0 native plugins for Editor in 0.00 ms.
Unloading 1532 Unused Serialized files (Serialized files now loaded: 0)
System memory in use before: 86.5 MB.
System memory in use after: 86.6 MB.

Unloading 21 unused Assets to reduce memory usage. Loaded Objects now: 2036.
Total: 3.079700 ms (FindLiveObjects: 0.190100 ms CreateObjectMapping: 0.064100 ms MarkObjects: 2.767500 ms  DeleteObjects: 0.056700 ms)

AssetImportParameters requested are different than current active one (requested -> active):
  custom:framework-win-MediaFoundation: 216162199b28c13a410421893ffa2e32 -> 
  custom:video-decoder-ogg-theora: a1e56fd34408186e4bbccfd4996cb3dc -> 
  custom:container-muxer-webm: aa71ff27fc2769a1b78a27578f13a17b -> 
  custom:container-demuxer-webm: 4f35f7cbe854078d1ac9338744f61a02 -> 
  custom:container-demuxer-ogg: 62fdf1f143b41e24485cea50d1cbac27 -> 
  custom:video-encoder-webm-vp8: eb34c28f22e8b96e1ab97ce403110664 -> 
  custom:video-codec-MediaFoundation-h265: 746d11721c4dcdbdad8f713fa42b33f4 -> 
  custom:video-decoder-webm-vp8: 9c59270c3fd7afecdb556c50c9e8de78 -> 
  custom:audio-decoder-ogg-vorbis: bf7c407c2cedff20999df2af8eb42d56 -> 
  custom:audio-encoder-webm-vorbis: bf7c407c2cedff20999df2af8eb42d56 -> 
========================================================================
Received Prepare
Registering precompiled user dll's ...
Registered in 0.005337 seconds.
Begin MonoManager ReloadAssembly
Native extension for WindowsStandalone target not found
Refreshing native plugins compatible for Editor in 0.42 ms, found 5 plugins.
Preloading 0 native plugins for Editor in 0.00 ms.
Mono: successfully reloaded assembly
- Completed reload, in  1.311 seconds
Domain Reload Profiling:
	ReloadAssembly (1311ms)
		BeginReloadAssembly (120ms)
			ExecutionOrderSort (0ms)
			DisableScriptedObjects (5ms)
			BackupInstance (0ms)
			ReleaseScriptingObjects (0ms)
			CreateAndSetChildDomain (32ms)
		EndReloadAssembly (1123ms)
			LoadAssemblies (99ms)
			RebuildTransferFunctionScriptingTraits (0ms)
			SetupTypeCache (292ms)
			ReleaseScriptCaches (1ms)
			RebuildScriptCaches (42ms)
			SetupLoadedEditorAssemblies (573ms)
				LogAssemblyErrors (0ms)
				InitializePlatformSupportModulesInManaged (5ms)
				SetLoadedEditorAssemblies (0ms)
				RefreshPlugins (0ms)
				BeforeProcessingInitializeOnLoad (55ms)
				ProcessInitializeOnLoadAttributes (494ms)
				ProcessInitializeOnLoadMethodAttributes (7ms)
				AfterProcessingInitializeOnLoad (10ms)
				EditorAssembliesLoaded (1ms)
			ExecutionOrderSort2 (0ms)
			AwakeInstancesAfterBackupRestoration (11ms)
Platform modules already initialized, skipping
Refreshing native plugins compatible for Editor in 0.61 ms, found 5 plugins.
Preloading 0 native plugins for Editor in 0.00 ms.
Unloading 1532 Unused Serialized files (Serialized files now loaded: 0)
System memory in use before: 86.5 MB.
System memory in use after: 86.6 MB.

Unloading 21 unused Assets to reduce memory usage. Loaded Objects now: 2038.
Total: 4.865900 ms (FindLiveObjects: 0.875200 ms CreateObjectMapping: 0.169900 ms MarkObjects: 3.756000 ms  DeleteObjects: 0.062500 ms)

AssetImportParameters requested are different than current active one (requested -> active):
  custom:framework-win-MediaFoundation: 216162199b28c13a410421893ffa2e32 -> 
  custom:video-decoder-ogg-theora: a1e56fd34408186e4bbccfd4996cb3dc -> 
  custom:container-muxer-webm: aa71ff27fc2769a1b78a27578f13a17b -> 
  custom:container-demuxer-webm: 4f35f7cbe854078d1ac9338744f61a02 -> 
  custom:container-demuxer-ogg: 62fdf1f143b41e24485cea50d1cbac27 -> 
  custom:video-encoder-webm-vp8: eb34c28f22e8b96e1ab97ce403110664 -> 
  custom:video-codec-MediaFoundation-h265: 746d11721c4dcdbdad8f713fa42b33f4 -> 
  custom:video-decoder-webm-vp8: 9c59270c3fd7afecdb556c50c9e8de78 -> 
  custom:audio-decoder-ogg-vorbis: bf7c407c2cedff20999df2af8eb42d56 -> 
  custom:audio-encoder-webm-vorbis: bf7c407c2cedff20999df2af8eb42d56 -> 
========================================================================
Received Import Request.
  Time since last request: 115.930078 seconds.
  path: Assets/Materials/ThermalShader.shader
  artifactKey: Guid(054aea5f34f649d44a0b58ff3b9569fe) Importer(815301076,1909f56bfc062723c751e8b465ee728b)
Start importing Assets/Materials/ThermalShader.shader using Guid(054aea5f34f649d44a0b58ff3b9569fe) Importer(815301076,1909f56bfc062723c751e8b465ee728b)  -> (artifact id: 'fce378e3a126b47b21e4804be90d3be5') in 0.045658 seconds 
  Import took 0.048405 seconds .

========================================================================
Received Import Request.
  Time since last request: 0.027519 seconds.
  path: Assets/Materials/ThermalShader.shader
  artifactKey: Guid(054aea5f34f649d44a0b58ff3b9569fe) Importer(815301076,1909f56bfc062723c751e8b465ee728b)
Start importing Assets/Materials/ThermalShader.shader using Guid(054aea5f34f649d44a0b58ff3b9569fe) Importer(815301076,1909f56bfc062723c751e8b465ee728b)  -> (artifact id: 'fce378e3a126b47b21e4804be90d3be5') in 0.003486 seconds 
  Import took 0.007115 seconds .

========================================================================
Received Import Request.
  Time since last request: 66.276797 seconds.
  path: Assets/Materials/ThermalShader.shader
  artifactKey: Guid(054aea5f34f649d44a0b58ff3b9569fe) Importer(815301076,1909f56bfc062723c751e8b465ee728b)
Start importing Assets/Materials/ThermalShader.shader using Guid(054aea5f34f649d44a0b58ff3b9569fe) Importer(815301076,1909f56bfc062723c751e8b465ee728b)  -> (artifact id: 'a8a13c3b0ca94e68ec9fcc988133dc05') in 0.004430 seconds 
  Import took 0.009445 seconds .

========================================================================
Received Import Request.
  Time since last request: 28.506971 seconds.
  path: Assets/Materials/sampleScene/20210213_clip_25_1123_img_5.mat
  artifactKey: Guid(d68d9d5d6e67641d4b37243891f7a65a) Importer(815301076,1909f56bfc062723c751e8b465ee728b)
Start importing Assets/Materials/sampleScene/20210213_clip_25_1123_img_5.mat using Guid(d68d9d5d6e67641d4b37243891f7a65a) Importer(815301076,1909f56bfc062723c751e8b465ee728b)  -> (artifact id: '6ed19b769f77ea500737965efe9ff720') in 0.049464 seconds 
  Import took 0.052372 seconds .

========================================================================
Received Import Request.
  Time since last request: 175.277299 seconds.
  path: Assets/Scripts/Movie Recorder Sample
  artifactKey: Guid(87dd1d6794b6bbf4cb399a428d602a97) Importer(815301076,1909f56bfc062723c751e8b465ee728b)
Start importing Assets/Scripts/Movie Recorder Sample using Guid(87dd1d6794b6bbf4cb399a428d602a97) Importer(815301076,1909f56bfc062723c751e8b465ee728b)  -> (artifact id: 'ee63d1caa3bf026e71af86d904c1d7e3') in 0.266391 seconds 
  Import took 0.317350 seconds .

========================================================================
Received Prepare
Registering precompiled user dll's ...
Registered in 0.251654 seconds.
Begin MonoManager ReloadAssembly
Native extension for WindowsStandalone target not found
Refreshing native plugins compatible for Editor in 0.40 ms, found 5 plugins.
Preloading 0 native plugins for Editor in 0.00 ms.
Mono: successfully reloaded assembly
- Completed reload, in  2.367 seconds
Domain Reload Profiling:
	ReloadAssembly (2368ms)
		BeginReloadAssembly (110ms)
			ExecutionOrderSort (0ms)
			DisableScriptedObjects (4ms)
			BackupInstance (0ms)
			ReleaseScriptingObjects (0ms)
			CreateAndSetChildDomain (34ms)
		EndReloadAssembly (2190ms)
			LoadAssemblies (89ms)
			RebuildTransferFunctionScriptingTraits (0ms)
			SetupTypeCache (270ms)
			ReleaseScriptCaches (1ms)
			RebuildScriptCaches (41ms)
			SetupLoadedEditorAssemblies (1689ms)
				LogAssemblyErrors (0ms)
				InitializePlatformSupportModulesInManaged (6ms)
				SetLoadedEditorAssemblies (0ms)
				RefreshPlugins (0ms)
				BeforeProcessingInitializeOnLoad (56ms)
				ProcessInitializeOnLoadAttributes (1615ms)
				ProcessInitializeOnLoadMethodAttributes (4ms)
				AfterProcessingInitializeOnLoad (8ms)
				EditorAssembliesLoaded (0ms)
			ExecutionOrderSort2 (0ms)
			AwakeInstancesAfterBackupRestoration (7ms)
Platform modules already initialized, skipping
Refreshing native plugins compatible for Editor in 0.40 ms, found 5 plugins.
Preloading 0 native plugins for Editor in 0.00 ms.
Unloading 1532 Unused Serialized files (Serialized files now loaded: 0)
System memory in use before: 86.5 MB.
System memory in use after: 86.6 MB.

Unloading 21 unused Assets to reduce memory usage. Loaded Objects now: 2041.
Total: 3.870200 ms (FindLiveObjects: 0.189000 ms CreateObjectMapping: 0.050900 ms MarkObjects: 3.572500 ms  DeleteObjects: 0.056300 ms)

AssetImportParameters requested are different than current active one (requested -> active):
  custom:framework-win-MediaFoundation: 216162199b28c13a410421893ffa2e32 -> 
  custom:video-decoder-ogg-theora: a1e56fd34408186e4bbccfd4996cb3dc -> 
  custom:container-muxer-webm: aa71ff27fc2769a1b78a27578f13a17b -> 
  custom:container-demuxer-webm: 4f35f7cbe854078d1ac9338744f61a02 -> 
  custom:container-demuxer-ogg: 62fdf1f143b41e24485cea50d1cbac27 -> 
  custom:video-encoder-webm-vp8: eb34c28f22e8b96e1ab97ce403110664 -> 
  custom:video-codec-MediaFoundation-h265: 746d11721c4dcdbdad8f713fa42b33f4 -> 
  custom:video-decoder-webm-vp8: 9c59270c3fd7afecdb556c50c9e8de78 -> 
  custom:audio-decoder-ogg-vorbis: bf7c407c2cedff20999df2af8eb42d56 -> 
  custom:audio-encoder-webm-vorbis: bf7c407c2cedff20999df2af8eb42d56 -> 
========================================================================
Received Prepare
Registering precompiled user dll's ...
Registered in 0.005733 seconds.
Begin MonoManager ReloadAssembly
Native extension for WindowsStandalone target not found
Refreshing native plugins compatible for Editor in 0.39 ms, found 5 plugins.
Preloading 0 native plugins for Editor in 0.00 ms.
Mono: successfully reloaded assembly
- Completed reload, in  2.242 seconds
Domain Reload Profiling:
	ReloadAssembly (2243ms)
		BeginReloadAssembly (120ms)
			ExecutionOrderSort (0ms)
			DisableScriptedObjects (4ms)
			BackupInstance (0ms)
			ReleaseScriptingObjects (0ms)
			CreateAndSetChildDomain (32ms)
		EndReloadAssembly (2057ms)
			LoadAssemblies (91ms)
			RebuildTransferFunctionScriptingTraits (0ms)
			SetupTypeCache (307ms)
			ReleaseScriptCaches (1ms)
			RebuildScriptCaches (41ms)
			SetupLoadedEditorAssemblies (1512ms)
				LogAssemblyErrors (0ms)
				InitializePlatformSupportModulesInManaged (5ms)
				SetLoadedEditorAssemblies (0ms)
				RefreshPlugins (0ms)
				BeforeProcessingInitializeOnLoad (55ms)
				ProcessInitializeOnLoadAttributes (1439ms)
				ProcessInitializeOnLoadMethodAttributes (4ms)
				AfterProcessingInitializeOnLoad (8ms)
				EditorAssembliesLoaded (0ms)
			ExecutionOrderSort2 (0ms)
			AwakeInstancesAfterBackupRestoration (7ms)
Platform modules already initialized, skipping
Refreshing native plugins compatible for Editor in 0.43 ms, found 5 plugins.
Preloading 0 native plugins for Editor in 0.00 ms.
Unloading 1532 Unused Serialized files (Serialized files now loaded: 0)
System memory in use before: 86.6 MB.
System memory in use after: 86.6 MB.

Unloading 21 unused Assets to reduce memory usage. Loaded Objects now: 2043.
Total: 3.346200 ms (FindLiveObjects: 0.168400 ms CreateObjectMapping: 0.049500 ms MarkObjects: 3.079800 ms  DeleteObjects: 0.047500 ms)

AssetImportParameters requested are different than current active one (requested -> active):
  custom:framework-win-MediaFoundation: 216162199b28c13a410421893ffa2e32 -> 
  custom:video-decoder-ogg-theora: a1e56fd34408186e4bbccfd4996cb3dc -> 
  custom:container-muxer-webm: aa71ff27fc2769a1b78a27578f13a17b -> 
  custom:container-demuxer-webm: 4f35f7cbe854078d1ac9338744f61a02 -> 
  custom:container-demuxer-ogg: 62fdf1f143b41e24485cea50d1cbac27 -> 
  custom:video-encoder-webm-vp8: eb34c28f22e8b96e1ab97ce403110664 -> 
  custom:video-codec-MediaFoundation-h265: 746d11721c4dcdbdad8f713fa42b33f4 -> 
  custom:video-decoder-webm-vp8: 9c59270c3fd7afecdb556c50c9e8de78 -> 
  custom:audio-decoder-ogg-vorbis: bf7c407c2cedff20999df2af8eb42d56 -> 
  custom:audio-encoder-webm-vorbis: bf7c407c2cedff20999df2af8eb42d56 -> 
========================================================================
Received Prepare
Registering precompiled user dll's ...
Registered in 1.125349 seconds.
Begin MonoManager ReloadAssembly
Native extension for WindowsStandalone target not found
Refreshing native plugins compatible for Editor in 0.43 ms, found 5 plugins.
Preloading 0 native plugins for Editor in 0.00 ms.
Mono: successfully reloaded assembly
- Completed reload, in  2.447 seconds
Domain Reload Profiling:
	ReloadAssembly (2447ms)
		BeginReloadAssembly (111ms)
			ExecutionOrderSort (0ms)
			DisableScriptedObjects (5ms)
			BackupInstance (0ms)
			ReleaseScriptingObjects (0ms)
			CreateAndSetChildDomain (32ms)
		EndReloadAssembly (2272ms)
			LoadAssemblies (105ms)
			RebuildTransferFunctionScriptingTraits (0ms)
			SetupTypeCache (329ms)
			ReleaseScriptCaches (1ms)
			RebuildScriptCaches (42ms)
			SetupLoadedEditorAssemblies (1692ms)
				LogAssemblyErrors (0ms)
				InitializePlatformSupportModulesInManaged (6ms)
				SetLoadedEditorAssemblies (0ms)
				RefreshPlugins (0ms)
				BeforeProcessingInitializeOnLoad (54ms)
				ProcessInitializeOnLoadAttributes (1619ms)
				ProcessInitializeOnLoadMethodAttributes (4ms)
				AfterProcessingInitializeOnLoad (7ms)
				EditorAssembliesLoaded (0ms)
			ExecutionOrderSort2 (0ms)
			AwakeInstancesAfterBackupRestoration (7ms)
Platform modules already initialized, skipping
Refreshing native plugins compatible for Editor in 0.45 ms, found 5 plugins.
Preloading 0 native plugins for Editor in 0.00 ms.
Unloading 1532 Unused Serialized files (Serialized files now loaded: 0)
System memory in use before: 86.6 MB.
System memory in use after: 86.6 MB.

Unloading 21 unused Assets to reduce memory usage. Loaded Objects now: 2045.
Total: 3.187000 ms (FindLiveObjects: 0.193700 ms CreateObjectMapping: 0.049000 ms MarkObjects: 2.884400 ms  DeleteObjects: 0.058800 ms)

AssetImportParameters requested are different than current active one (requested -> active):
  custom:framework-win-MediaFoundation: 216162199b28c13a410421893ffa2e32 -> 
  custom:video-decoder-ogg-theora: a1e56fd34408186e4bbccfd4996cb3dc -> 
  custom:container-muxer-webm: aa71ff27fc2769a1b78a27578f13a17b -> 
  custom:container-demuxer-webm: 4f35f7cbe854078d1ac9338744f61a02 -> 
  custom:container-demuxer-ogg: 62fdf1f143b41e24485cea50d1cbac27 -> 
  custom:video-encoder-webm-vp8: eb34c28f22e8b96e1ab97ce403110664 -> 
  custom:video-codec-MediaFoundation-h265: 746d11721c4dcdbdad8f713fa42b33f4 -> 
  custom:video-decoder-webm-vp8: 9c59270c3fd7afecdb556c50c9e8de78 -> 
  custom:audio-decoder-ogg-vorbis: bf7c407c2cedff20999df2af8eb42d56 -> 
  custom:audio-encoder-webm-vorbis: bf7c407c2cedff20999df2af8eb42d56 -> 
========================================================================
Received Prepare
Registering precompiled user dll's ...
Registered in 0.005403 seconds.
Begin MonoManager ReloadAssembly
Native extension for WindowsStandalone target not found
Refreshing native plugins compatible for Editor in 0.42 ms, found 5 plugins.
Preloading 0 native plugins for Editor in 0.00 ms.
Mono: successfully reloaded assembly
- Completed reload, in  1.129 seconds
Domain Reload Profiling:
	ReloadAssembly (1129ms)
		BeginReloadAssembly (113ms)
			ExecutionOrderSort (0ms)
			DisableScriptedObjects (6ms)
			BackupInstance (0ms)
			ReleaseScriptingObjects (0ms)
			CreateAndSetChildDomain (31ms)
		EndReloadAssembly (951ms)
			LoadAssemblies (87ms)
			RebuildTransferFunctionScriptingTraits (0ms)
			SetupTypeCache (275ms)
			ReleaseScriptCaches (1ms)
			RebuildScriptCaches (44ms)
			SetupLoadedEditorAssemblies (436ms)
				LogAssemblyErrors (0ms)
				InitializePlatformSupportModulesInManaged (5ms)
				SetLoadedEditorAssemblies (0ms)
				RefreshPlugins (0ms)
				BeforeProcessingInitializeOnLoad (57ms)
				ProcessInitializeOnLoadAttributes (360ms)
				ProcessInitializeOnLoadMethodAttributes (4ms)
				AfterProcessingInitializeOnLoad (8ms)
				EditorAssembliesLoaded (0ms)
			ExecutionOrderSort2 (0ms)
			AwakeInstancesAfterBackupRestoration (7ms)
Platform modules already initialized, skipping
Refreshing native plugins compatible for Editor in 0.46 ms, found 5 plugins.
Preloading 0 native plugins for Editor in 0.00 ms.
Unloading 1532 Unused Serialized files (Serialized files now loaded: 0)
System memory in use before: 86.6 MB.
System memory in use after: 86.7 MB.

Unloading 21 unused Assets to reduce memory usage. Loaded Objects now: 2047.
Total: 3.042000 ms (FindLiveObjects: 0.184000 ms CreateObjectMapping: 0.044600 ms MarkObjects: 2.760700 ms  DeleteObjects: 0.051700 ms)

AssetImportParameters requested are different than current active one (requested -> active):
  custom:framework-win-MediaFoundation: 216162199b28c13a410421893ffa2e32 -> 
  custom:video-decoder-ogg-theora: a1e56fd34408186e4bbccfd4996cb3dc -> 
  custom:container-muxer-webm: aa71ff27fc2769a1b78a27578f13a17b -> 
  custom:container-demuxer-webm: 4f35f7cbe854078d1ac9338744f61a02 -> 
  custom:container-demuxer-ogg: 62fdf1f143b41e24485cea50d1cbac27 -> 
  custom:video-encoder-webm-vp8: eb34c28f22e8b96e1ab97ce403110664 -> 
  custom:video-codec-MediaFoundation-h265: 746d11721c4dcdbdad8f713fa42b33f4 -> 
  custom:video-decoder-webm-vp8: 9c59270c3fd7afecdb556c50c9e8de78 -> 
  custom:audio-decoder-ogg-vorbis: bf7c407c2cedff20999df2af8eb42d56 -> 
  custom:audio-encoder-webm-vorbis: bf7c407c2cedff20999df2af8eb42d56 -> 
========================================================================
Received Prepare
Registering precompiled user dll's ...
Registered in 0.005281 seconds.
Begin MonoManager ReloadAssembly
Native extension for WindowsStandalone target not found
Refreshing native plugins compatible for Editor in 0.39 ms, found 5 plugins.
Preloading 0 native plugins for Editor in 0.00 ms.
Mono: successfully reloaded assembly
- Completed reload, in  1.207 seconds
Domain Reload Profiling:
	ReloadAssembly (1208ms)
		BeginReloadAssembly (113ms)
			ExecutionOrderSort (0ms)
			DisableScriptedObjects (5ms)
			BackupInstance (0ms)
			ReleaseScriptingObjects (0ms)
			CreateAndSetChildDomain (30ms)
		EndReloadAssembly (1023ms)
			LoadAssemblies (90ms)
			RebuildTransferFunctionScriptingTraits (0ms)
			SetupTypeCache (266ms)
			ReleaseScriptCaches (1ms)
			RebuildScriptCaches (41ms)
			SetupLoadedEditorAssemblies (525ms)
				LogAssemblyErrors (0ms)
				InitializePlatformSupportModulesInManaged (5ms)
				SetLoadedEditorAssemblies (0ms)
				RefreshPlugins (0ms)
				BeforeProcessingInitializeOnLoad (58ms)
				ProcessInitializeOnLoadAttributes (450ms)
				ProcessInitializeOnLoadMethodAttributes (4ms)
				AfterProcessingInitializeOnLoad (7ms)
				EditorAssembliesLoaded (0ms)
			ExecutionOrderSort2 (0ms)
			AwakeInstancesAfterBackupRestoration (7ms)
Platform modules already initialized, skipping
Refreshing native plugins compatible for Editor in 0.39 ms, found 5 plugins.
Preloading 0 native plugins for Editor in 0.00 ms.
Unloading 1532 Unused Serialized files (Serialized files now loaded: 0)
System memory in use before: 86.6 MB.
System memory in use after: 86.7 MB.

Unloading 21 unused Assets to reduce memory usage. Loaded Objects now: 2049.
Total: 2.988700 ms (FindLiveObjects: 0.154300 ms CreateObjectMapping: 0.051100 ms MarkObjects: 2.732300 ms  DeleteObjects: 0.049900 ms)

AssetImportParameters requested are different than current active one (requested -> active):
  custom:framework-win-MediaFoundation: 216162199b28c13a410421893ffa2e32 -> 
  custom:video-decoder-ogg-theora: a1e56fd34408186e4bbccfd4996cb3dc -> 
  custom:container-muxer-webm: aa71ff27fc2769a1b78a27578f13a17b -> 
  custom:container-demuxer-webm: 4f35f7cbe854078d1ac9338744f61a02 -> 
  custom:container-demuxer-ogg: 62fdf1f143b41e24485cea50d1cbac27 -> 
  custom:video-encoder-webm-vp8: eb34c28f22e8b96e1ab97ce403110664 -> 
  custom:video-codec-MediaFoundation-h265: 746d11721c4dcdbdad8f713fa42b33f4 -> 
  custom:video-decoder-webm-vp8: 9c59270c3fd7afecdb556c50c9e8de78 -> 
  custom:audio-decoder-ogg-vorbis: bf7c407c2cedff20999df2af8eb42d56 -> 
  custom:audio-encoder-webm-vorbis: bf7c407c2cedff20999df2af8eb42d56 -> 
AssetImportWorkerClient::OnTransportError - code=2 error=End of file
