Unity Editor version:    2020.3.17f1 (a4537701e4ab)
Branch:                  2020.3/staging
Build type:              Release
Batch mode:              YES
macOS version:           Version 11.4 (Build 20F71)
Darwin version:          20.5.0
Architecture:            x86_64
Running under Rosetta:   NO
Available memory:        8192 MB
Using pre-set license
Pro License: NO

COMMAND LINE ARGUMENTS:
/Applications/Unity/Hub/Editor/2020.3.17f1/Unity.app/Contents/MacOS/Unity
-adb2
-batchMode
-noUpm
-name
AssetImportWorker0
-projectPath
/Users/bastianpetersson/Documents/Learning/VGIS - Master/Project/main_project/Perception_Green
-logFile
Logs/AssetImportWorker0.log
-srvPort
50728
Successfully changed project path to: /Users/bastianpetersson/Documents/Learning/VGIS - Master/Project/main_project/Perception_Green
/Users/bastianpetersson/Documents/Learning/VGIS - Master/Project/main_project/Perception_Green
Using Asset Import Pipeline V2.
Refreshing native plugins compatible for Editor in 523.36 ms, found 2 plugins.
Preloading 0 native plugins for Editor in 0.00 ms.
Initialize engine version: 2020.3.17f1 (a4537701e4ab)
[Subsystems] Discovering subsystems at path /Applications/Unity/Hub/Editor/2020.3.17f1/Unity.app/Contents/Resources/UnitySubsystems
[Subsystems] Discovering subsystems at path /Users/bastianpetersson/Documents/Learning/VGIS - Master/Project/main_project/Perception_Green/Assets
GfxDevice: creating device client; threaded=0
2021-09-28 16:26:35.314 Unity[1585:62529] Color LCD preferred device: Intel(R) Iris(TM) Graphics 550 (low power)
2021-09-28 16:26:35.314 Unity[1585:62529] Metal devices available: 1
2021-09-28 16:26:35.315 Unity[1585:62529] 0: Intel(R) Iris(TM) Graphics 550 (low power)
2021-09-28 16:26:35.315 Unity[1585:62529] Using device Intel(R) Iris(TM) Graphics 550 (low power)
Initializing Metal device caps: Intel(R) Iris(TM) Graphics 550
Initialize mono
Mono path[0] = '/Applications/Unity/Hub/Editor/2020.3.17f1/Unity.app/Contents/Managed'
Mono path[1] = '/Applications/Unity/Hub/Editor/2020.3.17f1/Unity.app/Contents/MonoBleedingEdge/lib/mono/unityjit'
Mono config path = '/Applications/Unity/Hub/Editor/2020.3.17f1/Unity.app/Contents/MonoBleedingEdge/etc'
Using monoOptions --debugger-agent=transport=dt_socket,embedding=1,server=y,suspend=n,address=127.0.0.1:56585
Begin MonoManager ReloadAssembly
Registering precompiled unity dll's ...
Register platform support module: /Applications/Unity/Hub/Editor/2020.3.17f1/Unity.app/Contents/PlaybackEngines/MacStandaloneSupport/UnityEditor.OSXStandalone.Extensions.dll
Registered in 0.002229 seconds.
Native extension for OSXStandalone target not found
Refreshing native plugins compatible for Editor in 231.48 ms, found 2 plugins.
Preloading 0 native plugins for Editor in 0.00 ms.
Mono: successfully reloaded assembly
- Completed reload, in  9.422 seconds
Domain Reload Profiling:
	ReloadAssembly (9423ms)
		BeginReloadAssembly (302ms)
			ExecutionOrderSort (0ms)
			DisableScriptedObjects (0ms)
			BackupInstance (0ms)
			ReleaseScriptingObjects (0ms)
			CreateAndSetChildDomain (2ms)
		EndReloadAssembly (2201ms)
			LoadAssemblies (300ms)
			RebuildTransferFunctionScriptingTraits (0ms)
			SetupTypeCache (754ms)
			ReleaseScriptCaches (0ms)
			RebuildScriptCaches (206ms)
			SetupLoadedEditorAssemblies (967ms)
				LogAssemblyErrors (0ms)
				InitializePlatformSupportModulesInManaged (37ms)
				SetLoadedEditorAssemblies (0ms)
				RefreshPlugins (232ms)
				BeforeProcessingInitializeOnLoad (102ms)
				ProcessInitializeOnLoadAttributes (459ms)
				ProcessInitializeOnLoadMethodAttributes (137ms)
				AfterProcessingInitializeOnLoad (0ms)
				EditorAssembliesLoaded (1ms)
			ExecutionOrderSort2 (0ms)
			AwakeInstancesAfterBackupRestoration (0ms)
Platform modules already initialized, skipping
Registering precompiled user dll's ...
Registered in 0.014647 seconds.
Begin MonoManager ReloadAssembly
Native extension for OSXStandalone target not found
Refreshing native plugins compatible for Editor in 202.57 ms, found 2 plugins.
Preloading 0 native plugins for Editor in 0.00 ms.
Mono: successfully reloaded assembly
- Completed reload, in  4.930 seconds
Domain Reload Profiling:
	ReloadAssembly (4933ms)
		BeginReloadAssembly (530ms)
			ExecutionOrderSort (0ms)
			DisableScriptedObjects (24ms)
			BackupInstance (0ms)
			ReleaseScriptingObjects (0ms)
			CreateAndSetChildDomain (75ms)
		EndReloadAssembly (4184ms)
			LoadAssemblies (383ms)
			RebuildTransferFunctionScriptingTraits (0ms)
			SetupTypeCache (1520ms)
			ReleaseScriptCaches (28ms)
			RebuildScriptCaches (418ms)
			SetupLoadedEditorAssemblies (1091ms)
				LogAssemblyErrors (0ms)
				InitializePlatformSupportModulesInManaged (31ms)
				SetLoadedEditorAssemblies (0ms)
				RefreshPlugins (203ms)
				BeforeProcessingInitializeOnLoad (248ms)
				ProcessInitializeOnLoadAttributes (598ms)
				ProcessInitializeOnLoadMethodAttributes (8ms)
				AfterProcessingInitializeOnLoad (2ms)
				EditorAssembliesLoaded (1ms)
			ExecutionOrderSort2 (0ms)
			AwakeInstancesAfterBackupRestoration (10ms)
Platform modules already initialized, skipping
Validating Project structure ... 0.002960 seconds.
Shader import version has changed; will reimport all shaders...
Upgrading shader files ...0.003428 seconds.
Application.AssetDatabase Initial Script Refresh Start
RefreshInfo: InitialScriptRefreshV2(NoUpdateAssetOptions) scanfilter:  ... 1 filters
RefreshProfiler: Total: 0.000ms
Application.AssetDatabase Initial Script Refresh End
Application.AssetDatabase.Refresh Start
Application.AssetDatabase.Refresh End
RefreshInfo: StopAssetImportingV2(ForceSynchronousImport) scanfilter: 
RefreshProfiler: Total: 0.000ms
Launching external process: /Applications/Unity/Hub/Editor/2020.3.17f1/Unity.app/Contents/Tools/UnityShaderCompiler
Launched and connected shader compiler UnityShaderCompiler after 0.03 seconds
Initializing Unity extensions:
========================================================================
Worker process is ready to serve import requests
Refreshing native plugins compatible for Editor in 1.82 ms, found 2 plugins.
Preloading 0 native plugins for Editor in 0.00 ms.
Unloading 2711 Unused Serialized files (Serialized files now loaded: 0)
System memory in use before: 229.0 MB.
System memory in use after: 228.8 MB.

Unloading 118 unused Assets to reduce memory usage. Loaded Objects now: 3180.
Total: 7.215645 ms (FindLiveObjects: 0.720499 ms CreateObjectMapping: 0.229901 ms MarkObjects: 5.856502 ms  DeleteObjects: 0.406700 ms)

AssetImportParameters requested are different than current active one (requested -> active):
  custom:video-decoder-ogg-theora: a1e56fd34408186e4bbccfd4996cb3dc -> 
  custom:container-muxer-webm: aa71ff27fc2769a1b78a27578f13a17b -> 
  custom:container-demuxer-webm: 4f35f7cbe854078d1ac9338744f61a02 -> 
  custom:container-demuxer-ogg: 62fdf1f143b41e24485cea50d1cbac27 -> 
  custom:video-encoder-webm-vp8: eb34c28f22e8b96e1ab97ce403110664 -> 
  custom:framework-osx-AVFoundation: e770b220cccbd017edd2c1fefb359320 -> 
  custom:video-decoder-webm-vp8: 9c59270c3fd7afecdb556c50c9e8de78 -> 
  custom:audio-decoder-ogg-vorbis: bf7c407c2cedff20999df2af8eb42d56 -> 
  custom:audio-encoder-webm-vorbis: bf7c407c2cedff20999df2af8eb42d56 -> 
========================================================================
Received Import Request.
  path: Assets/Readme.asset
  artifactKey: Guid(83c2ed844a8c74b779a4c823d16594b1) Importer(815301076,1909f56bfc062723c751e8b465ee728b)
Start importing Assets/Readme.asset using Guid(83c2ed844a8c74b779a4c823d16594b1) Importer(815301076,1909f56bfc062723c751e8b465ee728b)  -> (artifact id: '8ffd2c44ffeb50c574abb5d0c4453328') in 1.862094 seconds 
  Import took 1.871763 seconds .

========================================================================
Received Import Request.
  Time since last request: 0.380900 seconds.
  path: Assets/Readme.asset
  artifactKey: Guid(83c2ed844a8c74b779a4c823d16594b1) Importer(815301076,1909f56bfc062723c751e8b465ee728b)
Start importing Assets/Readme.asset using Guid(83c2ed844a8c74b779a4c823d16594b1) Importer(815301076,1909f56bfc062723c751e8b465ee728b)  -> (artifact id: '8ffd2c44ffeb50c574abb5d0c4453328') in 0.024680 seconds 
  Import took 0.033349 seconds .

========================================================================
Received Import Request.
  Time since last request: 63.352811 seconds.
  path: Assets/Scenes
  artifactKey: Guid(773f1144275ed4ef9928bfcd217fd412) Importer(815301076,1909f56bfc062723c751e8b465ee728b)
Start importing Assets/Scenes using Guid(773f1144275ed4ef9928bfcd217fd412) Importer(815301076,1909f56bfc062723c751e8b465ee728b)  -> (artifact id: '31e435e446d0afe0ac335f9382cd0e2a') in 0.005661 seconds 
  Import took 0.012709 seconds .

========================================================================
Received Import Request.
  Time since last request: 0.016592 seconds.
  path: Assets/Scenes
  artifactKey: Guid(773f1144275ed4ef9928bfcd217fd412) Importer(815301076,1909f56bfc062723c751e8b465ee728b)
Start importing Assets/Scenes using Guid(773f1144275ed4ef9928bfcd217fd412) Importer(815301076,1909f56bfc062723c751e8b465ee728b)  -> (artifact id: '31e435e446d0afe0ac335f9382cd0e2a') in 0.002749 seconds 
  Import took 0.015454 seconds .

========================================================================
Received Prepare
Registering precompiled user dll's ...
Registered in 0.015346 seconds.
Begin MonoManager ReloadAssembly
Native extension for OSXStandalone target not found
Refreshing native plugins compatible for Editor in 1.38 ms, found 5 plugins.
Preloading 0 native plugins for Editor in 0.00 ms.
Mono: successfully reloaded assembly
- Completed reload, in  3.352 seconds
Domain Reload Profiling:
	ReloadAssembly (3353ms)
		BeginReloadAssembly (242ms)
			ExecutionOrderSort (0ms)
			DisableScriptedObjects (8ms)
			BackupInstance (0ms)
			ReleaseScriptingObjects (0ms)
			CreateAndSetChildDomain (135ms)
		EndReloadAssembly (3010ms)
			LoadAssemblies (155ms)
			RebuildTransferFunctionScriptingTraits (0ms)
			SetupTypeCache (619ms)
			ReleaseScriptCaches (1ms)
			RebuildScriptCaches (78ms)
			SetupLoadedEditorAssemblies (1867ms)
				LogAssemblyErrors (0ms)
				InitializePlatformSupportModulesInManaged (7ms)
				SetLoadedEditorAssemblies (1ms)
				RefreshPlugins (1ms)
				BeforeProcessingInitializeOnLoad (207ms)
				ProcessInitializeOnLoadAttributes (1543ms)
				ProcessInitializeOnLoadMethodAttributes (104ms)
				AfterProcessingInitializeOnLoad (3ms)
				EditorAssembliesLoaded (1ms)
			ExecutionOrderSort2 (0ms)
			AwakeInstancesAfterBackupRestoration (17ms)
Platform modules already initialized, skipping
Refreshing native plugins compatible for Editor in 0.88 ms, found 5 plugins.
Preloading 0 native plugins for Editor in 0.00 ms.
Unloading 3143 Unused Serialized files (Serialized files now loaded: 0)
System memory in use before: 265.6 MB.
System memory in use after: 265.2 MB.

Unloading 43 unused Assets to reduce memory usage. Loaded Objects now: 3706.
Total: 6.867542 ms (FindLiveObjects: 0.802833 ms CreateObjectMapping: 0.255229 ms MarkObjects: 5.210312 ms  DeleteObjects: 0.597334 ms)

AssetImportParameters requested are different than current active one (requested -> active):
  custom:video-decoder-ogg-theora: a1e56fd34408186e4bbccfd4996cb3dc -> 
  custom:container-muxer-webm: aa71ff27fc2769a1b78a27578f13a17b -> 
  custom:container-demuxer-webm: 4f35f7cbe854078d1ac9338744f61a02 -> 
  custom:container-demuxer-ogg: 62fdf1f143b41e24485cea50d1cbac27 -> 
  custom:video-encoder-webm-vp8: eb34c28f22e8b96e1ab97ce403110664 -> 
  custom:framework-osx-AVFoundation: e770b220cccbd017edd2c1fefb359320 -> 
  custom:video-decoder-webm-vp8: 9c59270c3fd7afecdb556c50c9e8de78 -> 
  custom:audio-decoder-ogg-vorbis: bf7c407c2cedff20999df2af8eb42d56 -> 
  custom:audio-encoder-webm-vorbis: bf7c407c2cedff20999df2af8eb42d56 -> 
========================================================================
Received Import Request.
  Time since last request: 132.678127 seconds.
  path: Assets/Scenes/green.unity
  artifactKey: Guid(eafc45f31fe9442c0abb105de394b20c) Importer(815301076,1909f56bfc062723c751e8b465ee728b)
Start importing Assets/Scenes/green.unity using Guid(eafc45f31fe9442c0abb105de394b20c) Importer(815301076,1909f56bfc062723c751e8b465ee728b)  -> (artifact id: 'c7aeb6aa429eaddd10179b11002b581f') in 0.033434 seconds 
  Import took 0.055436 seconds .

========================================================================
Received Import Request.
  Time since last request: 32.373818 seconds.
  path: Assets
  artifactKey: Guid(00000000000000001000000000000000) Importer(815301076,1909f56bfc062723c751e8b465ee728b)
Start importing Assets using Guid(00000000000000001000000000000000) Importer(815301076,1909f56bfc062723c751e8b465ee728b)  -> (artifact id: '42d402b061de3733987d63b9cc3b64de') in 0.002656 seconds 
  Import took 0.013808 seconds .

========================================================================
Received Import Request.
  Time since last request: 43.104271 seconds.
  path: Assets/square.prefab
  artifactKey: Guid(8eaf4a0c90e7d4a30a977b0ac80cafc7) Importer(815301076,1909f56bfc062723c751e8b465ee728b)
Start importing Assets/square.prefab using Guid(8eaf4a0c90e7d4a30a977b0ac80cafc7) Importer(815301076,1909f56bfc062723c751e8b465ee728b)  -> (artifact id: 'fbe582959096b3a1bb5529587f36f87d') in 0.807898 seconds 
  Import took 0.818131 seconds .

========================================================================
Received Import Request.
  Time since last request: 10.007133 seconds.
  path: Assets/square.prefab
  artifactKey: Guid(8eaf4a0c90e7d4a30a977b0ac80cafc7) Importer(815301076,1909f56bfc062723c751e8b465ee728b)
Start importing Assets/square.prefab using Guid(8eaf4a0c90e7d4a30a977b0ac80cafc7) Importer(815301076,1909f56bfc062723c751e8b465ee728b)  -> (artifact id: '0dfd2f2a76784e69ce7950c1ab031021') in 0.851134 seconds 
  Import took 0.862815 seconds .

========================================================================
Received Import Request.
  Time since last request: 10.049428 seconds.
  path: Assets/round.prefab
  artifactKey: Guid(9b1c2e36ef54f494c9c63aea4a26238b) Importer(815301076,1909f56bfc062723c751e8b465ee728b)
Start importing Assets/round.prefab using Guid(9b1c2e36ef54f494c9c63aea4a26238b) Importer(815301076,1909f56bfc062723c751e8b465ee728b)  -> (artifact id: '484f53bd209b591e74934069c1259f9e') in 0.017063 seconds 
  Import took 0.027144 seconds .

========================================================================
Received Import Request.
  Time since last request: 0.053622 seconds.
  path: Assets/round.prefab
  artifactKey: Guid(9b1c2e36ef54f494c9c63aea4a26238b) Importer(815301076,1909f56bfc062723c751e8b465ee728b)
Start importing Assets/round.prefab using Guid(9b1c2e36ef54f494c9c63aea4a26238b) Importer(815301076,1909f56bfc062723c751e8b465ee728b)  -> (artifact id: '484f53bd209b591e74934069c1259f9e') in 0.037382 seconds 
  Import took 0.058399 seconds .

========================================================================
Received Import Request.
  Time since last request: 7.612453 seconds.
  path: Assets/round.prefab
  artifactKey: Guid(9b1c2e36ef54f494c9c63aea4a26238b) Importer(815301076,1909f56bfc062723c751e8b465ee728b)
Start importing Assets/round.prefab using Guid(9b1c2e36ef54f494c9c63aea4a26238b) Importer(815301076,1909f56bfc062723c751e8b465ee728b)  -> (artifact id: '83bea9b317cebe8ecf0bbfb9b4488383') in 0.102754 seconds 
  Import took 0.126094 seconds .

========================================================================
Received Import Request.
  Time since last request: 123.180302 seconds.
  path: Assets/IdLabelConfig.asset
  artifactKey: Guid(46eb942cfce21455da70dce6d91898e7) Importer(815301076,1909f56bfc062723c751e8b465ee728b)
Start importing Assets/IdLabelConfig.asset using Guid(46eb942cfce21455da70dce6d91898e7) Importer(815301076,1909f56bfc062723c751e8b465ee728b)  -> (artifact id: '054e7fde472b2d88cbb37a265b39dde8') in 0.024509 seconds 
  Import took 0.035431 seconds .

========================================================================
Received Import Request.
  Time since last request: 0.218034 seconds.
  path: Assets/IdLabelConfig.asset
  artifactKey: Guid(46eb942cfce21455da70dce6d91898e7) Importer(815301076,1909f56bfc062723c751e8b465ee728b)
Start importing Assets/IdLabelConfig.asset using Guid(46eb942cfce21455da70dce6d91898e7) Importer(815301076,1909f56bfc062723c751e8b465ee728b)  -> (artifact id: '054e7fde472b2d88cbb37a265b39dde8') in 0.023274 seconds 
  Import took 0.038708 seconds .

========================================================================
Received Import Request.
  Time since last request: 2.597775 seconds.
  path: Assets/round.prefab
  artifactKey: Guid(9b1c2e36ef54f494c9c63aea4a26238b) Importer(815301076,1909f56bfc062723c751e8b465ee728b)
Start importing Assets/round.prefab using Guid(9b1c2e36ef54f494c9c63aea4a26238b) Importer(815301076,1909f56bfc062723c751e8b465ee728b)  -> (artifact id: 'cad79a1e33a7046c909e7e6da36f91e8') in 0.029763 seconds 
  Import took 0.039424 seconds .

========================================================================
Received Import Request.
  Time since last request: 21.728160 seconds.
  path: Assets/square.prefab
  artifactKey: Guid(8eaf4a0c90e7d4a30a977b0ac80cafc7) Importer(815301076,1909f56bfc062723c751e8b465ee728b)
Start importing Assets/square.prefab using Guid(8eaf4a0c90e7d4a30a977b0ac80cafc7) Importer(815301076,1909f56bfc062723c751e8b465ee728b)  -> (artifact id: '70b632927a80857903eb139c5acadf78') in 0.031590 seconds 
  Import took 0.051073 seconds .

========================================================================
Received Import Request.
  Time since last request: 41.837879 seconds.
  path: Assets/square.prefab
  artifactKey: Guid(8eaf4a0c90e7d4a30a977b0ac80cafc7) Importer(815301076,1909f56bfc062723c751e8b465ee728b)
Start importing Assets/square.prefab using Guid(8eaf4a0c90e7d4a30a977b0ac80cafc7) Importer(815301076,1909f56bfc062723c751e8b465ee728b)  -> (artifact id: '3f34087f3ab4aebec014e8c574420c7d') in 0.024982 seconds 
  Import took 0.039930 seconds .

========================================================================
Received Import Request.
  Time since last request: 0.091629 seconds.
  path: Assets/round.prefab
  artifactKey: Guid(9b1c2e36ef54f494c9c63aea4a26238b) Importer(815301076,1909f56bfc062723c751e8b465ee728b)
Start importing Assets/round.prefab using Guid(9b1c2e36ef54f494c9c63aea4a26238b) Importer(815301076,1909f56bfc062723c751e8b465ee728b)  -> (artifact id: 'e6088690e9abc8d2a85fa83d0b65b74d') in 0.066997 seconds 
  Import took 0.093249 seconds .

========================================================================
Received Import Request.
  Time since last request: 169.654751 seconds.
  path: Assets/Settings/ForwardRenderer.asset
  artifactKey: Guid(4a8e21d5c33334b11b34a596161b9360) Importer(815301076,1909f56bfc062723c751e8b465ee728b)
Start importing Assets/Settings/ForwardRenderer.asset using Guid(4a8e21d5c33334b11b34a596161b9360) Importer(815301076,1909f56bfc062723c751e8b465ee728b)  -> (artifact id: '63cf95242464b0f1307a08bc2392aaaa') in 0.023182 seconds 
  Import took 0.046183 seconds .

========================================================================
Received Import Request.
  Time since last request: 0.000398 seconds.
  path: Assets/Settings/SampleSceneProfile.asset
  artifactKey: Guid(10fc4df2da32a41aaa32d77bc913491c) Importer(815301076,1909f56bfc062723c751e8b465ee728b)
Start importing Assets/Settings/SampleSceneProfile.asset using Guid(10fc4df2da32a41aaa32d77bc913491c) Importer(815301076,1909f56bfc062723c751e8b465ee728b)  -> (artifact id: 'd2b3f476ab718b1cf20d183dd9addfe7') in 0.018985 seconds 
  Import took 0.035507 seconds .

========================================================================
Received Import Request.
  Time since last request: 0.000657 seconds.
  path: Assets/Settings/UniversalRP-LowQuality.asset
  artifactKey: Guid(a31e9f9f9c9d4b9429ed0d1234e22103) Importer(815301076,1909f56bfc062723c751e8b465ee728b)
Start importing Assets/Settings/UniversalRP-LowQuality.asset using Guid(a31e9f9f9c9d4b9429ed0d1234e22103) Importer(815301076,1909f56bfc062723c751e8b465ee728b)  -> (artifact id: 'b226a0bb157262eadf686f6bb5b5f1f8') in 0.025974 seconds 
  Import took 0.057333 seconds .

========================================================================
Received Import Request.
  Time since last request: 0.000832 seconds.
  path: Assets/Settings/UniversalRP-MediumQuality.asset
  artifactKey: Guid(d847b876476d3d6468f5dfcd34266f96) Importer(815301076,1909f56bfc062723c751e8b465ee728b)
Start importing Assets/Settings/UniversalRP-MediumQuality.asset using Guid(d847b876476d3d6468f5dfcd34266f96) Importer(815301076,1909f56bfc062723c751e8b465ee728b)  -> (artifact id: 'd421f548a6507a11f25ec3578746e9c1') in 0.019254 seconds 
  Import took 0.039076 seconds .

========================================================================
Received Import Request.
  Time since last request: 0.000423 seconds.
  path: Assets/Settings/UniversalRP-HighQuality.asset
  artifactKey: Guid(19ba41d7c0026c3459d37c2fe90c55a0) Importer(815301076,1909f56bfc062723c751e8b465ee728b)
Start importing Assets/Settings/UniversalRP-HighQuality.asset using Guid(19ba41d7c0026c3459d37c2fe90c55a0) Importer(815301076,1909f56bfc062723c751e8b465ee728b)  -> (artifact id: '02e18c1f933b70f494440bf5e7626866') in 0.063004 seconds 
  Import took 0.083546 seconds .

========================================================================
Received Import Request.
  Time since last request: 0.001055 seconds.
  path: Assets/Settings/SampleSceneProfile.asset
  artifactKey: Guid(10fc4df2da32a41aaa32d77bc913491c) Importer(815301076,1909f56bfc062723c751e8b465ee728b)
Start importing Assets/Settings/SampleSceneProfile.asset using Guid(10fc4df2da32a41aaa32d77bc913491c) Importer(815301076,1909f56bfc062723c751e8b465ee728b)  -> (artifact id: 'd2b3f476ab718b1cf20d183dd9addfe7') in 0.018474 seconds 
  Import took 0.047639 seconds .

========================================================================
Received Import Request.
  Time since last request: 0.001337 seconds.
  path: Assets/Settings/ForwardRenderer.asset
  artifactKey: Guid(4a8e21d5c33334b11b34a596161b9360) Importer(815301076,1909f56bfc062723c751e8b465ee728b)
Start importing Assets/Settings/ForwardRenderer.asset using Guid(4a8e21d5c33334b11b34a596161b9360) Importer(815301076,1909f56bfc062723c751e8b465ee728b)  -> (artifact id: '63cf95242464b0f1307a08bc2392aaaa') in 0.022360 seconds 
  Import took 0.059711 seconds .

========================================================================
Received Prepare
Registering precompiled user dll's ...
Registered in 0.035151 seconds.
Begin MonoManager ReloadAssembly
Native extension for OSXStandalone target not found
Refreshing native plugins compatible for Editor in 1.60 ms, found 5 plugins.
Preloading 0 native plugins for Editor in 0.00 ms.
Mono: successfully reloaded assembly
- Completed reload, in  8.543 seconds
Domain Reload Profiling:
	ReloadAssembly (8544ms)
		BeginReloadAssembly (4545ms)
			ExecutionOrderSort (0ms)
			DisableScriptedObjects (25ms)
			BackupInstance (0ms)
			ReleaseScriptingObjects (0ms)
			CreateAndSetChildDomain (335ms)
		EndReloadAssembly (3681ms)
			LoadAssemblies (606ms)
			RebuildTransferFunctionScriptingTraits (0ms)
			SetupTypeCache (962ms)
			ReleaseScriptCaches (2ms)
			RebuildScriptCaches (116ms)
			SetupLoadedEditorAssemblies (1509ms)
				LogAssemblyErrors (0ms)
				InitializePlatformSupportModulesInManaged (14ms)
				SetLoadedEditorAssemblies (3ms)
				RefreshPlugins (2ms)
				BeforeProcessingInitializeOnLoad (310ms)
				ProcessInitializeOnLoadAttributes (1072ms)
				ProcessInitializeOnLoadMethodAttributes (107ms)
				AfterProcessingInitializeOnLoad (3ms)
				EditorAssembliesLoaded (1ms)
			ExecutionOrderSort2 (0ms)
			AwakeInstancesAfterBackupRestoration (21ms)
Platform modules already initialized, skipping
Refreshing native plugins compatible for Editor in 1.62 ms, found 5 plugins.
Preloading 0 native plugins for Editor in 0.00 ms.
Unloading 3144 Unused Serialized files (Serialized files now loaded: 0)
System memory in use before: 273.1 MB.
System memory in use after: 272.8 MB.

Unloading 43 unused Assets to reduce memory usage. Loaded Objects now: 3758.
Total: 6.458427 ms (FindLiveObjects: 0.963532 ms CreateObjectMapping: 0.335588 ms MarkObjects: 4.560730 ms  DeleteObjects: 0.596018 ms)

AssetImportParameters requested are different than current active one (requested -> active):
  custom:video-decoder-ogg-theora: a1e56fd34408186e4bbccfd4996cb3dc -> 
  custom:container-muxer-webm: aa71ff27fc2769a1b78a27578f13a17b -> 
  custom:container-demuxer-webm: 4f35f7cbe854078d1ac9338744f61a02 -> 
  custom:container-demuxer-ogg: 62fdf1f143b41e24485cea50d1cbac27 -> 
  custom:video-encoder-webm-vp8: eb34c28f22e8b96e1ab97ce403110664 -> 
  custom:framework-osx-AVFoundation: e770b220cccbd017edd2c1fefb359320 -> 
  custom:video-decoder-webm-vp8: 9c59270c3fd7afecdb556c50c9e8de78 -> 
  custom:audio-decoder-ogg-vorbis: bf7c407c2cedff20999df2af8eb42d56 -> 
  custom:audio-encoder-webm-vorbis: bf7c407c2cedff20999df2af8eb42d56 -> 
========================================================================
Received Prepare
Registering precompiled user dll's ...
Registered in 0.014197 seconds.
Begin MonoManager ReloadAssembly
Native extension for OSXStandalone target not found
Refreshing native plugins compatible for Editor in 1.40 ms, found 5 plugins.
Preloading 0 native plugins for Editor in 0.00 ms.
Mono: successfully reloaded assembly
- Completed reload, in  5.992 seconds
Domain Reload Profiling:
	ReloadAssembly (5992ms)
		BeginReloadAssembly (3493ms)
			ExecutionOrderSort (0ms)
			DisableScriptedObjects (33ms)
			BackupInstance (0ms)
			ReleaseScriptingObjects (1ms)
			CreateAndSetChildDomain (227ms)
		EndReloadAssembly (2367ms)
			LoadAssemblies (276ms)
			RebuildTransferFunctionScriptingTraits (0ms)
			SetupTypeCache (672ms)
			ReleaseScriptCaches (1ms)
			RebuildScriptCaches (145ms)
			SetupLoadedEditorAssemblies (972ms)
				LogAssemblyErrors (0ms)
				InitializePlatformSupportModulesInManaged (8ms)
				SetLoadedEditorAssemblies (1ms)
				RefreshPlugins (1ms)
				BeforeProcessingInitializeOnLoad (208ms)
				ProcessInitializeOnLoadAttributes (642ms)
				ProcessInitializeOnLoadMethodAttributes (110ms)
				AfterProcessingInitializeOnLoad (2ms)
				EditorAssembliesLoaded (0ms)
			ExecutionOrderSort2 (0ms)
			AwakeInstancesAfterBackupRestoration (25ms)
Platform modules already initialized, skipping
Refreshing native plugins compatible for Editor in 1.00 ms, found 5 plugins.
Preloading 0 native plugins for Editor in 0.00 ms.
Unloading 3142 Unused Serialized files (Serialized files now loaded: 0)
System memory in use before: 273.3 MB.
System memory in use after: 273.0 MB.

Unloading 43 unused Assets to reduce memory usage. Loaded Objects now: 3762.
Total: 7.172235 ms (FindLiveObjects: 0.399891 ms CreateObjectMapping: 0.174711 ms MarkObjects: 5.832181 ms  DeleteObjects: 0.763515 ms)

AssetImportParameters requested are different than current active one (requested -> active):
  custom:video-decoder-ogg-theora: a1e56fd34408186e4bbccfd4996cb3dc -> 
  custom:container-muxer-webm: aa71ff27fc2769a1b78a27578f13a17b -> 
  custom:container-demuxer-webm: 4f35f7cbe854078d1ac9338744f61a02 -> 
  custom:container-demuxer-ogg: 62fdf1f143b41e24485cea50d1cbac27 -> 
  custom:video-encoder-webm-vp8: eb34c28f22e8b96e1ab97ce403110664 -> 
  custom:framework-osx-AVFoundation: e770b220cccbd017edd2c1fefb359320 -> 
  custom:video-decoder-webm-vp8: 9c59270c3fd7afecdb556c50c9e8de78 -> 
  custom:audio-decoder-ogg-vorbis: bf7c407c2cedff20999df2af8eb42d56 -> 
  custom:audio-encoder-webm-vorbis: bf7c407c2cedff20999df2af8eb42d56 -> 
========================================================================
Received Import Request.
  Time since last request: 446.932897 seconds.
  path: Packages/com.unity.render-pipelines.universal/Runtime/Data/ForwardRendererData.asset
  artifactKey: Guid(618d298269e66c542b306de85db1faea) Importer(815301076,1909f56bfc062723c751e8b465ee728b)
Start importing Packages/com.unity.render-pipelines.universal/Runtime/Data/ForwardRendererData.asset using Guid(618d298269e66c542b306de85db1faea) Importer(815301076,1909f56bfc062723c751e8b465ee728b)  -> (artifact id: '3a021261dcb55d1a2ad13ff4da6a749c') in 0.102373 seconds 
  Import took 0.122652 seconds .

========================================================================
Received Import Request.
  Time since last request: 21.381145 seconds.
  path: Assets/Mixamo
  artifactKey: Guid(3555e96e1abce463db6a19d887a7c70b) Importer(815301076,1909f56bfc062723c751e8b465ee728b)
Start importing Assets/Mixamo using Guid(3555e96e1abce463db6a19d887a7c70b) Importer(815301076,1909f56bfc062723c751e8b465ee728b)  -> (artifact id: '19c50f5b3ddd41581bfc885962d8c015') in 0.026539 seconds 
  Import took 0.090963 seconds .

========================================================================
Received Import Request.
  Time since last request: 11.320697 seconds.
  path: Assets/Animations
  artifactKey: Guid(01421bc5de4744436a1aa363555d760b) Importer(815301076,1909f56bfc062723c751e8b465ee728b)
Start importing Assets/Animations using Guid(01421bc5de4744436a1aa363555d760b) Importer(815301076,1909f56bfc062723c751e8b465ee728b)  -> (artifact id: '5bbf22c3565c4ed9b529ce4a5c6cf20b') in 0.020802 seconds 
  Import took 0.043827 seconds .

========================================================================
Received Import Request.
  Time since last request: 6.877261 seconds.
  path: Assets/Mixamo/peasant_man@Old Man Walk.fbx
  artifactKey: Guid(173cb66accc1b4f058919f62c27a5ec7) Importer(815301076,1909f56bfc062723c751e8b465ee728b)
Start importing Assets/Mixamo/peasant_man@Old Man Walk.fbx using Guid(173cb66accc1b4f058919f62c27a5ec7) Importer(815301076,1909f56bfc062723c751e8b465ee728b)  -> (artifact id: 'bc1acdd246d67990da5eb8de1dc87867') in 3.570614 seconds 
  Import took 3.596275 seconds .

========================================================================
Received Import Request.
  Time since last request: 8.586086 seconds.
  path: Assets/Mixamo/Old Man Walk.anim
  artifactKey: Guid(b2e54c92e84a5481189863e3ce36ee4a) Importer(815301076,1909f56bfc062723c751e8b465ee728b)
Start importing Assets/Mixamo/Old Man Walk.anim using Guid(b2e54c92e84a5481189863e3ce36ee4a) Importer(815301076,1909f56bfc062723c751e8b465ee728b)  -> (artifact id: 'eb6c0481b37b7732dfc56175d136cab4') in 0.566128 seconds 
  Import took 0.575310 seconds .

========================================================================
Received Import Request.
  Time since last request: 14.904440 seconds.
  path: Assets/Mixamo/Textures
  artifactKey: Guid(f074cb57ee11f4910be1a34c3a9fc1d6) Importer(815301076,1909f56bfc062723c751e8b465ee728b)
Start importing Assets/Mixamo/Textures using Guid(f074cb57ee11f4910be1a34c3a9fc1d6) Importer(815301076,1909f56bfc062723c751e8b465ee728b)  -> (artifact id: '026840a838a2c426702e93be51e6015d') in 0.002310 seconds 
  Import took 0.009803 seconds .

========================================================================
Received Import Request.
  Time since last request: 7.881669 seconds.
  path: Assets/Mixamo/Maaterials
  artifactKey: Guid(cfefcf037a32a4d7288a900d140e6fed) Importer(815301076,1909f56bfc062723c751e8b465ee728b)
Start importing Assets/Mixamo/Maaterials using Guid(cfefcf037a32a4d7288a900d140e6fed) Importer(815301076,1909f56bfc062723c751e8b465ee728b)  -> (artifact id: '4b889e75242bd75244ca91d73d617eeb') in 0.003244 seconds 
  Import took 0.014487 seconds .

========================================================================
Received Import Request.
  Time since last request: 9.540143 seconds.
  path: Assets/Mixamo/peasant_man@Old Man Walk.fbx
  artifactKey: Guid(173cb66accc1b4f058919f62c27a5ec7) Importer(815301076,1909f56bfc062723c751e8b465ee728b)
Start importing Assets/Mixamo/peasant_man@Old Man Walk.fbx using Guid(173cb66accc1b4f058919f62c27a5ec7) Importer(815301076,1909f56bfc062723c751e8b465ee728b)  -> (artifact id: '98c5e83032358f23986b7706adad96d8') in 0.427351 seconds 
  Import took 0.439910 seconds .

========================================================================
Received Import Request.
  Time since last request: 13.487872 seconds.
  path: Assets/Mixamo/peasant_man@Old Man Walk.fbx
  artifactKey: Guid(173cb66accc1b4f058919f62c27a5ec7) Importer(815301076,1909f56bfc062723c751e8b465ee728b)
Start importing Assets/Mixamo/peasant_man@Old Man Walk.fbx using Guid(173cb66accc1b4f058919f62c27a5ec7) Importer(815301076,1909f56bfc062723c751e8b465ee728b)  -> (artifact id: '0664a229d922152d4c19bbfdc00fbf99') in 0.288833 seconds 
  Import took 0.304468 seconds .

========================================================================
Received Import Request.
  Time since last request: 53.667599 seconds.
  path: Assets/Animations/old_walk.controller
  artifactKey: Guid(66217d96365614bf59db2c3315a30afe) Importer(815301076,1909f56bfc062723c751e8b465ee728b)
Start importing Assets/Animations/old_walk.controller using Guid(66217d96365614bf59db2c3315a30afe) Importer(815301076,1909f56bfc062723c751e8b465ee728b)  -> (artifact id: '8e9acb093d50719d112f792acf46d6df') in 0.500325 seconds 
  Import took 0.508794 seconds .

========================================================================
Received Prepare
Registering precompiled user dll's ...
Registered in 0.019664 seconds.
Begin MonoManager ReloadAssembly
Native extension for OSXStandalone target not found
Refreshing native plugins compatible for Editor in 1.28 ms, found 5 plugins.
Preloading 0 native plugins for Editor in 0.00 ms.
Mono: successfully reloaded assembly
- Completed reload, in 13.575 seconds
Domain Reload Profiling:
	ReloadAssembly (13602ms)
		BeginReloadAssembly (7167ms)
			ExecutionOrderSort (0ms)
			DisableScriptedObjects (97ms)
			BackupInstance (0ms)
			ReleaseScriptingObjects (1ms)
			CreateAndSetChildDomain (848ms)
		EndReloadAssembly (5475ms)
			LoadAssemblies (1928ms)
			RebuildTransferFunctionScriptingTraits (160ms)
			SetupTypeCache (1848ms)
			ReleaseScriptCaches (2ms)
			RebuildScriptCaches (128ms)
			SetupLoadedEditorAssemblies (1698ms)
				LogAssemblyErrors (0ms)
				InitializePlatformSupportModulesInManaged (10ms)
				SetLoadedEditorAssemblies (1ms)
				RefreshPlugins (2ms)
				BeforeProcessingInitializeOnLoad (328ms)
				ProcessInitializeOnLoadAttributes (1221ms)
				ProcessInitializeOnLoadMethodAttributes (132ms)
				AfterProcessingInitializeOnLoad (3ms)
				EditorAssembliesLoaded (2ms)
			ExecutionOrderSort2 (0ms)
			AwakeInstancesAfterBackupRestoration (45ms)
Platform modules already initialized, skipping
Refreshing native plugins compatible for Editor in 1.30 ms, found 5 plugins.
Preloading 0 native plugins for Editor in 0.00 ms.
Unloading 3142 Unused Serialized files (Serialized files now loaded: 0)
System memory in use before: 300.6 MB.
System memory in use after: 300.3 MB.

Unloading 43 unused Assets to reduce memory usage. Loaded Objects now: 3840.
Total: 38.862434 ms (FindLiveObjects: 1.621514 ms CreateObjectMapping: 0.323730 ms MarkObjects: 36.052954 ms  DeleteObjects: 0.861757 ms)

AssetImportParameters requested are different than current active one (requested -> active):
  custom:video-decoder-ogg-theora: a1e56fd34408186e4bbccfd4996cb3dc -> 
  custom:container-muxer-webm: aa71ff27fc2769a1b78a27578f13a17b -> 
  custom:container-demuxer-webm: 4f35f7cbe854078d1ac9338744f61a02 -> 
  custom:container-demuxer-ogg: 62fdf1f143b41e24485cea50d1cbac27 -> 
  custom:video-encoder-webm-vp8: eb34c28f22e8b96e1ab97ce403110664 -> 
  custom:framework-osx-AVFoundation: e770b220cccbd017edd2c1fefb359320 -> 
  custom:video-decoder-webm-vp8: 9c59270c3fd7afecdb556c50c9e8de78 -> 
  custom:audio-decoder-ogg-vorbis: bf7c407c2cedff20999df2af8eb42d56 -> 
  custom:audio-encoder-webm-vorbis: bf7c407c2cedff20999df2af8eb42d56 -> 
========================================================================
Received Prepare
Registering precompiled user dll's ...
Registered in 0.030706 seconds.
Begin MonoManager ReloadAssembly
Native extension for OSXStandalone target not found
Refreshing native plugins compatible for Editor in 1.13 ms, found 5 plugins.
Preloading 0 native plugins for Editor in 0.00 ms.
Mono: successfully reloaded assembly
- Completed reload, in  5.098 seconds
Domain Reload Profiling:
	ReloadAssembly (5100ms)
		BeginReloadAssembly (2310ms)
			ExecutionOrderSort (0ms)
			DisableScriptedObjects (20ms)
			BackupInstance (0ms)
			ReleaseScriptingObjects (0ms)
			CreateAndSetChildDomain (215ms)
		EndReloadAssembly (2683ms)
			LoadAssemblies (371ms)
			RebuildTransferFunctionScriptingTraits (0ms)
			SetupTypeCache (624ms)
			ReleaseScriptCaches (2ms)
			RebuildScriptCaches (110ms)
			SetupLoadedEditorAssemblies (1038ms)
				LogAssemblyErrors (0ms)
				InitializePlatformSupportModulesInManaged (7ms)
				SetLoadedEditorAssemblies (1ms)
				RefreshPlugins (1ms)
				BeforeProcessingInitializeOnLoad (234ms)
				ProcessInitializeOnLoadAttributes (698ms)
				ProcessInitializeOnLoadMethodAttributes (94ms)
				AfterProcessingInitializeOnLoad (2ms)
				EditorAssembliesLoaded (0ms)
			ExecutionOrderSort2 (0ms)
			AwakeInstancesAfterBackupRestoration (25ms)
Platform modules already initialized, skipping
Refreshing native plugins compatible for Editor in 1.15 ms, found 5 plugins.
Preloading 0 native plugins for Editor in 0.00 ms.
Unloading 3142 Unused Serialized files (Serialized files now loaded: 0)
System memory in use before: 300.8 MB.
System memory in use after: 300.5 MB.

Unloading 43 unused Assets to reduce memory usage. Loaded Objects now: 3844.
Total: 6.517288 ms (FindLiveObjects: 0.564474 ms CreateObjectMapping: 0.246484 ms MarkObjects: 5.024332 ms  DeleteObjects: 0.680695 ms)

AssetImportParameters requested are different than current active one (requested -> active):
  custom:video-decoder-ogg-theora: a1e56fd34408186e4bbccfd4996cb3dc -> 
  custom:container-muxer-webm: aa71ff27fc2769a1b78a27578f13a17b -> 
  custom:container-demuxer-webm: 4f35f7cbe854078d1ac9338744f61a02 -> 
  custom:container-demuxer-ogg: 62fdf1f143b41e24485cea50d1cbac27 -> 
  custom:video-encoder-webm-vp8: eb34c28f22e8b96e1ab97ce403110664 -> 
  custom:framework-osx-AVFoundation: e770b220cccbd017edd2c1fefb359320 -> 
  custom:video-decoder-webm-vp8: 9c59270c3fd7afecdb556c50c9e8de78 -> 
  custom:audio-decoder-ogg-vorbis: bf7c407c2cedff20999df2af8eb42d56 -> 
  custom:audio-encoder-webm-vorbis: bf7c407c2cedff20999df2af8eb42d56 -> 
========================================================================
Received Import Request.
  Time since last request: 6965.271527 seconds.
  path: Assets/IdLabelConfig.asset
  artifactKey: Guid(46eb942cfce21455da70dce6d91898e7) Importer(815301076,1909f56bfc062723c751e8b465ee728b)
Start importing Assets/IdLabelConfig.asset using Guid(46eb942cfce21455da70dce6d91898e7) Importer(815301076,1909f56bfc062723c751e8b465ee728b)  -> (artifact id: '2c9ad1339ffc3eb41341dd33a5de887b') in 0.056476 seconds 
  Import took 0.083682 seconds .

========================================================================
Received Prepare
Registering precompiled user dll's ...
Registered in 0.025046 seconds.
Begin MonoManager ReloadAssembly
Native extension for OSXStandalone target not found
Refreshing native plugins compatible for Editor in 0.84 ms, found 5 plugins.
Preloading 0 native plugins for Editor in 0.00 ms.
Mono: successfully reloaded assembly
- Completed reload, in  7.683 seconds
Domain Reload Profiling:
	ReloadAssembly (7684ms)
		BeginReloadAssembly (4139ms)
			ExecutionOrderSort (0ms)
			DisableScriptedObjects (9ms)
			BackupInstance (0ms)
			ReleaseScriptingObjects (0ms)
			CreateAndSetChildDomain (181ms)
		EndReloadAssembly (3350ms)
			LoadAssemblies (890ms)
			RebuildTransferFunctionScriptingTraits (0ms)
			SetupTypeCache (1143ms)
			ReleaseScriptCaches (2ms)
			RebuildScriptCaches (113ms)
			SetupLoadedEditorAssemblies (885ms)
				LogAssemblyErrors (0ms)
				InitializePlatformSupportModulesInManaged (5ms)
				SetLoadedEditorAssemblies (1ms)
				RefreshPlugins (1ms)
				BeforeProcessingInitializeOnLoad (219ms)
				ProcessInitializeOnLoadAttributes (550ms)
				ProcessInitializeOnLoadMethodAttributes (106ms)
				AfterProcessingInitializeOnLoad (2ms)
				EditorAssembliesLoaded (0ms)
			ExecutionOrderSort2 (0ms)
			AwakeInstancesAfterBackupRestoration (25ms)
Platform modules already initialized, skipping
Refreshing native plugins compatible for Editor in 0.88 ms, found 5 plugins.
Preloading 0 native plugins for Editor in 0.00 ms.
Unloading 3142 Unused Serialized files (Serialized files now loaded: 0)
System memory in use before: 301.2 MB.
System memory in use after: 300.9 MB.

Unloading 43 unused Assets to reduce memory usage. Loaded Objects now: 3848.
Total: 5.361262 ms (FindLiveObjects: 0.354322 ms CreateObjectMapping: 0.154536 ms MarkObjects: 4.260970 ms  DeleteObjects: 0.590370 ms)

AssetImportParameters requested are different than current active one (requested -> active):
  custom:video-decoder-ogg-theora: a1e56fd34408186e4bbccfd4996cb3dc -> 
  custom:container-muxer-webm: aa71ff27fc2769a1b78a27578f13a17b -> 
  custom:container-demuxer-webm: 4f35f7cbe854078d1ac9338744f61a02 -> 
  custom:container-demuxer-ogg: 62fdf1f143b41e24485cea50d1cbac27 -> 
  custom:video-encoder-webm-vp8: eb34c28f22e8b96e1ab97ce403110664 -> 
  custom:framework-osx-AVFoundation: e770b220cccbd017edd2c1fefb359320 -> 
  custom:video-decoder-webm-vp8: 9c59270c3fd7afecdb556c50c9e8de78 -> 
  custom:audio-decoder-ogg-vorbis: bf7c407c2cedff20999df2af8eb42d56 -> 
  custom:audio-encoder-webm-vorbis: bf7c407c2cedff20999df2af8eb42d56 -> 
========================================================================
Received Prepare
Registering precompiled user dll's ...
Registered in 0.003361 seconds.
Begin MonoManager ReloadAssembly
Native extension for OSXStandalone target not found
Refreshing native plugins compatible for Editor in 1.79 ms, found 5 plugins.
Preloading 0 native plugins for Editor in 0.00 ms.
Mono: successfully reloaded assembly
- Completed reload, in  5.198 seconds
Domain Reload Profiling:
	ReloadAssembly (5198ms)
		BeginReloadAssembly (3008ms)
			ExecutionOrderSort (0ms)
			DisableScriptedObjects (10ms)
			BackupInstance (0ms)
			ReleaseScriptingObjects (0ms)
			CreateAndSetChildDomain (138ms)
		EndReloadAssembly (2094ms)
			LoadAssemblies (126ms)
			RebuildTransferFunctionScriptingTraits (0ms)
			SetupTypeCache (633ms)
			ReleaseScriptCaches (2ms)
			RebuildScriptCaches (81ms)
			SetupLoadedEditorAssemblies (960ms)
				LogAssemblyErrors (0ms)
				InitializePlatformSupportModulesInManaged (6ms)
				SetLoadedEditorAssemblies (1ms)
				RefreshPlugins (2ms)
				BeforeProcessingInitializeOnLoad (188ms)
				ProcessInitializeOnLoadAttributes (653ms)
				ProcessInitializeOnLoadMethodAttributes (107ms)
				AfterProcessingInitializeOnLoad (3ms)
				EditorAssembliesLoaded (0ms)
			ExecutionOrderSort2 (0ms)
			AwakeInstancesAfterBackupRestoration (25ms)
Platform modules already initialized, skipping
Refreshing native plugins compatible for Editor in 0.80 ms, found 5 plugins.
Preloading 0 native plugins for Editor in 0.00 ms.
Unloading 3142 Unused Serialized files (Serialized files now loaded: 0)
System memory in use before: 301.6 MB.
System memory in use after: 301.3 MB.

Unloading 43 unused Assets to reduce memory usage. Loaded Objects now: 3852.
Total: 5.062614 ms (FindLiveObjects: 0.433372 ms CreateObjectMapping: 0.157886 ms MarkObjects: 3.979288 ms  DeleteObjects: 0.490993 ms)

AssetImportParameters requested are different than current active one (requested -> active):
  custom:video-decoder-ogg-theora: a1e56fd34408186e4bbccfd4996cb3dc -> 
  custom:container-muxer-webm: aa71ff27fc2769a1b78a27578f13a17b -> 
  custom:container-demuxer-webm: 4f35f7cbe854078d1ac9338744f61a02 -> 
  custom:container-demuxer-ogg: 62fdf1f143b41e24485cea50d1cbac27 -> 
  custom:video-encoder-webm-vp8: eb34c28f22e8b96e1ab97ce403110664 -> 
  custom:framework-osx-AVFoundation: e770b220cccbd017edd2c1fefb359320 -> 
  custom:video-decoder-webm-vp8: 9c59270c3fd7afecdb556c50c9e8de78 -> 
  custom:audio-decoder-ogg-vorbis: bf7c407c2cedff20999df2af8eb42d56 -> 
  custom:audio-encoder-webm-vorbis: bf7c407c2cedff20999df2af8eb42d56 -> 
========================================================================
Received Import Request.
  Time since last request: 268.576447 seconds.
  path: Assets/IdLabelConfig.asset
  artifactKey: Guid(46eb942cfce21455da70dce6d91898e7) Importer(815301076,1909f56bfc062723c751e8b465ee728b)
Start importing Assets/IdLabelConfig.asset using Guid(46eb942cfce21455da70dce6d91898e7) Importer(815301076,1909f56bfc062723c751e8b465ee728b)  -> (artifact id: '5404ffa18163924476b18de3f903223e') in 0.021424 seconds 
  Import took 0.042064 seconds .

========================================================================
Received Import Request.
  Time since last request: 7.950652 seconds.
  path: Assets/Mixamo/peasant_man@Old Man Walk.prefab
  artifactKey: Guid(917835d5ee8af42e0b774e5568366f81) Importer(815301076,1909f56bfc062723c751e8b465ee728b)
Start importing Assets/Mixamo/peasant_man@Old Man Walk.prefab using Guid(917835d5ee8af42e0b774e5568366f81) Importer(815301076,1909f56bfc062723c751e8b465ee728b)  -> (artifact id: 'e397bd774f6873fb25d1a9dc3323cecd') in 0.433973 seconds 
  Import took 0.452828 seconds .

========================================================================
Received Import Request.
  Time since last request: 17.052219 seconds.
  path: Assets/Mixamo/peasant_man@Old Man Walk.prefab
  artifactKey: Guid(917835d5ee8af42e0b774e5568366f81) Importer(815301076,1909f56bfc062723c751e8b465ee728b)
Start importing Assets/Mixamo/peasant_man@Old Man Walk.prefab using Guid(917835d5ee8af42e0b774e5568366f81) Importer(815301076,1909f56bfc062723c751e8b465ee728b)  -> (artifact id: '6385da2690b81716c6f8a8d97d8002d9') in 0.081796 seconds 
  Import took 0.090166 seconds .

========================================================================
Received Import Request.
  Time since last request: 0.003508 seconds.
  path: Assets/Mixamo/peasant_man@Old Man Walk.prefab
  artifactKey: Guid(917835d5ee8af42e0b774e5568366f81) Importer(815301076,1909f56bfc062723c751e8b465ee728b)
Start importing Assets/Mixamo/peasant_man@Old Man Walk.prefab using Guid(917835d5ee8af42e0b774e5568366f81) Importer(815301076,1909f56bfc062723c751e8b465ee728b)  -> (artifact id: '6385da2690b81716c6f8a8d97d8002d9') in 0.024805 seconds 
  Import took 0.041410 seconds .

========================================================================
Received Import Request.
  Time since last request: 3.677707 seconds.
  path: Assets/Mixamo/peasant_man@Old Man Walk.prefab
  artifactKey: Guid(917835d5ee8af42e0b774e5568366f81) Importer(815301076,1909f56bfc062723c751e8b465ee728b)
Start importing Assets/Mixamo/peasant_man@Old Man Walk.prefab using Guid(917835d5ee8af42e0b774e5568366f81) Importer(815301076,1909f56bfc062723c751e8b465ee728b)  -> (artifact id: 'a7fd545ed0e6d95e27b12a32380ffab0') in 0.090221 seconds 
  Import took 0.100666 seconds .

========================================================================
Received Prepare
Registering precompiled user dll's ...
Registered in 0.011501 seconds.
Begin MonoManager ReloadAssembly
Native extension for OSXStandalone target not found
Refreshing native plugins compatible for Editor in 0.88 ms, found 5 plugins.
Preloading 0 native plugins for Editor in 0.00 ms.
Mono: successfully reloaded assembly
- Completed reload, in  2.300 seconds
Domain Reload Profiling:
	ReloadAssembly (2301ms)
		BeginReloadAssembly (365ms)
			ExecutionOrderSort (0ms)
			DisableScriptedObjects (11ms)
			BackupInstance (0ms)
			ReleaseScriptingObjects (0ms)
			CreateAndSetChildDomain (140ms)
		EndReloadAssembly (1838ms)
			LoadAssemblies (123ms)
			RebuildTransferFunctionScriptingTraits (0ms)
			SetupTypeCache (552ms)
			ReleaseScriptCaches (2ms)
			RebuildScriptCaches (76ms)
			SetupLoadedEditorAssemblies (806ms)
				LogAssemblyErrors (0ms)
				InitializePlatformSupportModulesInManaged (5ms)
				SetLoadedEditorAssemblies (1ms)
				RefreshPlugins (1ms)
				BeforeProcessingInitializeOnLoad (185ms)
				ProcessInitializeOnLoadAttributes (531ms)
				ProcessInitializeOnLoadMethodAttributes (82ms)
				AfterProcessingInitializeOnLoad (2ms)
				EditorAssembliesLoaded (0ms)
			ExecutionOrderSort2 (0ms)
			AwakeInstancesAfterBackupRestoration (24ms)
Platform modules already initialized, skipping
Refreshing native plugins compatible for Editor in 0.81 ms, found 5 plugins.
Preloading 0 native plugins for Editor in 0.00 ms.
Unloading 3142 Unused Serialized files (Serialized files now loaded: 0)
System memory in use before: 302.1 MB.
System memory in use after: 301.7 MB.

Unloading 43 unused Assets to reduce memory usage. Loaded Objects now: 3892.
Total: 5.787506 ms (FindLiveObjects: 0.416007 ms CreateObjectMapping: 0.195153 ms MarkObjects: 4.567493 ms  DeleteObjects: 0.607576 ms)

AssetImportParameters requested are different than current active one (requested -> active):
  custom:video-decoder-ogg-theora: a1e56fd34408186e4bbccfd4996cb3dc -> 
  custom:container-muxer-webm: aa71ff27fc2769a1b78a27578f13a17b -> 
  custom:container-demuxer-webm: 4f35f7cbe854078d1ac9338744f61a02 -> 
  custom:container-demuxer-ogg: 62fdf1f143b41e24485cea50d1cbac27 -> 
  custom:video-encoder-webm-vp8: eb34c28f22e8b96e1ab97ce403110664 -> 
  custom:framework-osx-AVFoundation: e770b220cccbd017edd2c1fefb359320 -> 
  custom:video-decoder-webm-vp8: 9c59270c3fd7afecdb556c50c9e8de78 -> 
  custom:audio-decoder-ogg-vorbis: bf7c407c2cedff20999df2af8eb42d56 -> 
  custom:audio-encoder-webm-vorbis: bf7c407c2cedff20999df2af8eb42d56 -> 
========================================================================
Received Import Request.
  Time since last request: 70.151754 seconds.
  path: Assets/Mixamo/peasant_man@Old Man Walk.prefab
  artifactKey: Guid(917835d5ee8af42e0b774e5568366f81) Importer(815301076,1909f56bfc062723c751e8b465ee728b)
Start importing Assets/Mixamo/peasant_man@Old Man Walk.prefab using Guid(917835d5ee8af42e0b774e5568366f81) Importer(815301076,1909f56bfc062723c751e8b465ee728b)  -> (artifact id: '53ea66d1a2238fe31e8db50587f8140e') in 0.196109 seconds 
  Import took 0.204061 seconds .

========================================================================
Received Import Request.
  Time since last request: 805.028144 seconds.
  path: Assets/20210213_clip_25_1123_img_5.jpg
  artifactKey: Guid(5ef55162b6d3448d9a0516f530fc6e6a) Importer(815301076,1909f56bfc062723c751e8b465ee728b)
Start importing Assets/20210213_clip_25_1123_img_5.jpg using Guid(5ef55162b6d3448d9a0516f530fc6e6a) Importer(815301076,1909f56bfc062723c751e8b465ee728b)  -> (artifact id: '87de3e380656cfce4e04bb35928504ec') in 1.775666 seconds 
  Import took 1.820963 seconds .

========================================================================
Received Import Request.
  Time since last request: 35.343755 seconds.
  path: Packages/com.unity.render-pipelines.universal/Runtime/Materials/Lit.mat
  artifactKey: Guid(31321ba15b8f8eb4c954353edc038b1d) Importer(815301076,1909f56bfc062723c751e8b465ee728b)
Start importing Packages/com.unity.render-pipelines.universal/Runtime/Materials/Lit.mat using Guid(31321ba15b8f8eb4c954353edc038b1d) Importer(815301076,1909f56bfc062723c751e8b465ee728b)  -> (artifact id: '97a46e45ab72210011683b98bb693f19') in 0.362247 seconds 
  Import took 0.379919 seconds .

========================================================================
Received Import Request.
  Time since last request: 0.004062 seconds.
  path: Packages/com.unity.render-pipelines.universal/Runtime/Materials/ParticlesUnlit.mat
  artifactKey: Guid(e823cd5b5d27c0f4b8256e7c12ee3e6d) Importer(815301076,1909f56bfc062723c751e8b465ee728b)
Start importing Packages/com.unity.render-pipelines.universal/Runtime/Materials/ParticlesUnlit.mat using Guid(e823cd5b5d27c0f4b8256e7c12ee3e6d) Importer(815301076,1909f56bfc062723c751e8b465ee728b)  -> (artifact id: 'a6d3bac30e0c3da08768836858914317') in 0.636734 seconds 
  Import took 0.648403 seconds .

========================================================================
Received Import Request.
  Time since last request: 0.001000 seconds.
  path: Packages/com.unity.render-pipelines.universal/Runtime/Materials/TerrainLit.mat
  artifactKey: Guid(594ea882c5a793440b60ff72d896021e) Importer(815301076,1909f56bfc062723c751e8b465ee728b)
Start importing Packages/com.unity.render-pipelines.universal/Runtime/Materials/TerrainLit.mat using Guid(594ea882c5a793440b60ff72d896021e) Importer(815301076,1909f56bfc062723c751e8b465ee728b)  -> (artifact id: 'db9aec0391899b041fa150a21f0d5646') in 2.786654 seconds 
  Import took 2.796511 seconds .

========================================================================
Received Import Request.
  Time since last request: 0.000301 seconds.
  path: Packages/com.unity.render-pipelines.universal/Runtime/Materials/ParticlesUnlit.mat
  artifactKey: Guid(e823cd5b5d27c0f4b8256e7c12ee3e6d) Importer(815301076,1909f56bfc062723c751e8b465ee728b)
Start importing Packages/com.unity.render-pipelines.universal/Runtime/Materials/ParticlesUnlit.mat using Guid(e823cd5b5d27c0f4b8256e7c12ee3e6d) Importer(815301076,1909f56bfc062723c751e8b465ee728b)  -> (artifact id: 'a6d3bac30e0c3da08768836858914317') in 0.011353 seconds 
  Import took 0.018575 seconds .

========================================================================
Received Import Request.
  Time since last request: 0.000319 seconds.
  path: Packages/com.unity.render-pipelines.universal/Runtime/Materials/Sprite-Unlit-Default.mat
  artifactKey: Guid(9dfc825aed78fcd4ba02077103263b40) Importer(815301076,1909f56bfc062723c751e8b465ee728b)
Start importing Packages/com.unity.render-pipelines.universal/Runtime/Materials/Sprite-Unlit-Default.mat using Guid(9dfc825aed78fcd4ba02077103263b40) Importer(815301076,1909f56bfc062723c751e8b465ee728b)  -> (artifact id: '3dc837b22dad5c9afcddefa703e0bc63') in 0.177416 seconds 
  Import took 0.185877 seconds .

========================================================================
Received Import Request.
  Time since last request: 0.000384 seconds.
  path: Packages/com.unity.render-pipelines.universal/Runtime/Materials/SimpleLit.mat
  artifactKey: Guid(6a1143ee683302f4aa628c052723efc1) Importer(815301076,1909f56bfc062723c751e8b465ee728b)
Start importing Packages/com.unity.render-pipelines.universal/Runtime/Materials/SimpleLit.mat using Guid(6a1143ee683302f4aa628c052723efc1) Importer(815301076,1909f56bfc062723c751e8b465ee728b)  -> (artifact id: '4193ea014fb52272aa79e827f0b902d4') in 1.069118 seconds 
  Import took 1.077628 seconds .

========================================================================
Received Import Request.
  Time since last request: 0.000299 seconds.
  path: Packages/com.unity.render-pipelines.universal/Runtime/Materials/Sprite-Lit-Default.mat
  artifactKey: Guid(a97c105638bdf8b4a8650670310a4cd3) Importer(815301076,1909f56bfc062723c751e8b465ee728b)
Start importing Packages/com.unity.render-pipelines.universal/Runtime/Materials/Sprite-Lit-Default.mat using Guid(a97c105638bdf8b4a8650670310a4cd3) Importer(815301076,1909f56bfc062723c751e8b465ee728b)  -> (artifact id: 'cbf71d48645b4137c3fdde14caf1f63f') in 0.155153 seconds 
  Import took 0.165133 seconds .

========================================================================
Received Import Request.
  Time since last request: 50.291809 seconds.
  path: Assets/Materials
  artifactKey: Guid(d0234ba368eeec9418390da711bfdad0) Importer(815301076,1909f56bfc062723c751e8b465ee728b)
Start importing Assets/Materials using Guid(d0234ba368eeec9418390da711bfdad0) Importer(815301076,1909f56bfc062723c751e8b465ee728b)  -> (artifact id: 'dd1fccef896d48891410691dfde716e5') in 0.007485 seconds 
  Import took 0.026554 seconds .

========================================================================
Received Import Request.
  Time since last request: 0.068169 seconds.
  path: Assets/Materials/Skybox_Mat.mat
  artifactKey: Guid(0ffaa0b7117ba8c47a9d05ae701d4b4d) Importer(815301076,1909f56bfc062723c751e8b465ee728b)
Start importing Assets/Materials/Skybox_Mat.mat using Guid(0ffaa0b7117ba8c47a9d05ae701d4b4d) Importer(815301076,1909f56bfc062723c751e8b465ee728b)  -> (artifact id: '4d54ab3375f41efad00566dcae11def2') in 0.106231 seconds 
  Import took 0.115739 seconds .

========================================================================
Received Import Request.
  Time since last request: 11.487229 seconds.
  path: Assets/image.mat
  artifactKey: Guid(0d70e6b8e80d2437093e03f936e986d3) Importer(815301076,1909f56bfc062723c751e8b465ee728b)
Start importing Assets/image.mat using Guid(0d70e6b8e80d2437093e03f936e986d3) Importer(815301076,1909f56bfc062723c751e8b465ee728b)  -> (artifact id: '4367882df1ef7a901eb80586948acb97') in 0.054437 seconds 
  Import took 0.067008 seconds .

========================================================================
Received Import Request.
  Time since last request: 497.226827 seconds.
  path: Assets/Materials/image.mat
  artifactKey: Guid(0d70e6b8e80d2437093e03f936e986d3) Importer(815301076,1909f56bfc062723c751e8b465ee728b)
Start importing Assets/Materials/image.mat using Guid(0d70e6b8e80d2437093e03f936e986d3) Importer(815301076,1909f56bfc062723c751e8b465ee728b)  -> (artifact id: '464a6c2a8fcea29197f39ed6360921c2') in 0.042986 seconds 
  Import took 0.052768 seconds .

========================================================================
Received Import Request.
  Time since last request: 8.150352 seconds.
  path: Assets/Materials/green.mat
  artifactKey: Guid(40fc2bd64f90a42bfab002b8925b7465) Importer(815301076,1909f56bfc062723c751e8b465ee728b)
Start importing Assets/Materials/green.mat using Guid(40fc2bd64f90a42bfab002b8925b7465) Importer(815301076,1909f56bfc062723c751e8b465ee728b)  -> (artifact id: '7be2f4ea72c2a19176d9accbdb216f9b') in 0.029470 seconds 
  Import took 0.049666 seconds .

========================================================================
Received Import Request.
  Time since last request: 178.237244 seconds.
  path: Assets/Materials/green.mat
  artifactKey: Guid(40fc2bd64f90a42bfab002b8925b7465) Importer(815301076,1909f56bfc062723c751e8b465ee728b)
Start importing Assets/Materials/green.mat using Guid(40fc2bd64f90a42bfab002b8925b7465) Importer(815301076,1909f56bfc062723c751e8b465ee728b)  -> (artifact id: '834205241dd17f28f71c907136f1b1fa') in 0.375844 seconds 
  Import took 0.537316 seconds .

========================================================================
Received Import Request.
  Time since last request: 127.377290 seconds.
  path: Assets/Mixamo/Maaterials/Peasant_Man_02.mat
  artifactKey: Guid(e18cd08a698234564911832c28b0b70a) Importer(815301076,1909f56bfc062723c751e8b465ee728b)
Start importing Assets/Mixamo/Maaterials/Peasant_Man_02.mat using Guid(e18cd08a698234564911832c28b0b70a) Importer(815301076,1909f56bfc062723c751e8b465ee728b)  -> (artifact id: '32e6439f2a0bbdaedc7deac95922639c') in 0.058846 seconds 
  Import took 0.075452 seconds .

========================================================================
Received Import Request.
  Time since last request: 5.986504 seconds.
  path: Assets/Mixamo/Textures/Peasant_Man_diffuse.png
  artifactKey: Guid(b5b2e25f6199343f68157df580ecdd01) Importer(815301076,1909f56bfc062723c751e8b465ee728b)
Start importing Assets/Mixamo/Textures/Peasant_Man_diffuse.png using Guid(b5b2e25f6199343f68157df580ecdd01) Importer(815301076,1909f56bfc062723c751e8b465ee728b)  -> (artifact id: '4e552107e4c7ef11c5d0dda1d937738b') in 1.651707 seconds 
  Import took 1.674130 seconds .

========================================================================
Received Import Request.
  Time since last request: 0.007404 seconds.
  path: Assets/Mixamo/Textures/Peasant_Man_specular.png
  artifactKey: Guid(46bd9a48faf48434b8ed29a7058f8d38) Importer(815301076,1909f56bfc062723c751e8b465ee728b)
Start importing Assets/Mixamo/Textures/Peasant_Man_specular.png using Guid(46bd9a48faf48434b8ed29a7058f8d38) Importer(815301076,1909f56bfc062723c751e8b465ee728b)  -> (artifact id: '1293d2d0128a362610daaa13170ff841') in 0.048820 seconds 
  Import took 0.057880 seconds .

========================================================================
Received Import Request.
  Time since last request: 0.000434 seconds.
  path: Assets/Mixamo/Textures/Peasant_Man_normal.png
  artifactKey: Guid(8485d5f30ed4f4256bcf6080fd68328a) Importer(815301076,1909f56bfc062723c751e8b465ee728b)
Start importing Assets/Mixamo/Textures/Peasant_Man_normal.png using Guid(8485d5f30ed4f4256bcf6080fd68328a) Importer(815301076,1909f56bfc062723c751e8b465ee728b)  -> (artifact id: '02dfdc8b3237410a878709b1892d5a52') in 0.156098 seconds 
  Import took 0.170423 seconds .

========================================================================
Received Import Request.
  Time since last request: 14.742440 seconds.
  path: Assets/Animations/old_walk.controller
  artifactKey: Guid(66217d96365614bf59db2c3315a30afe) Importer(815301076,1909f56bfc062723c751e8b465ee728b)
Start importing Assets/Animations/old_walk.controller using Guid(66217d96365614bf59db2c3315a30afe) Importer(815301076,1909f56bfc062723c751e8b465ee728b)  -> (artifact id: '0992b022c72f412c63a60504bca7639d') in 0.100432 seconds 
  Import took 0.118464 seconds .

========================================================================
Received Import Request.
  Time since last request: 87.590286 seconds.
  path: Assets/Mixamo/Ch26_nonPBR@Walking.fbx
  artifactKey: Guid(ebe9a52e07b514ef9b7b12dfa2af6c1e) Importer(815301076,1909f56bfc062723c751e8b465ee728b)
Start importing Assets/Mixamo/Ch26_nonPBR@Walking.fbx using Guid(ebe9a52e07b514ef9b7b12dfa2af6c1e) Importer(815301076,1909f56bfc062723c751e8b465ee728b)  -> (artifact id: '8c82064f552611e97680b498e731385b') in 0.951686 seconds 
  Import took 0.969239 seconds .

========================================================================
Received Import Request.
  Time since last request: 11.344861 seconds.
  path: Assets/Mixamo/Walking.anim
  artifactKey: Guid(b0cc65c2b9cc2469594678b5d5e9631e) Importer(815301076,1909f56bfc062723c751e8b465ee728b)
Start importing Assets/Mixamo/Walking.anim using Guid(b0cc65c2b9cc2469594678b5d5e9631e) Importer(815301076,1909f56bfc062723c751e8b465ee728b)  -> (artifact id: '7da73edf03832304c5bd52fe75765e92') in 0.040195 seconds 
  Import took 0.059435 seconds .

========================================================================
Received Import Request.
  Time since last request: 90.606039 seconds.
  path: Assets/Mixamo/Ch26_nonPBR@Walking.fbx
  artifactKey: Guid(ebe9a52e07b514ef9b7b12dfa2af6c1e) Importer(815301076,1909f56bfc062723c751e8b465ee728b)
Start importing Assets/Mixamo/Ch26_nonPBR@Walking.fbx using Guid(ebe9a52e07b514ef9b7b12dfa2af6c1e) Importer(815301076,1909f56bfc062723c751e8b465ee728b)  -> (artifact id: '1939025b0fadfc23e3fa25ed6169b326') in 0.283401 seconds 
  Import took 0.295336 seconds .

========================================================================
Received Import Request.
  Time since last request: 8.853941 seconds.
  path: Assets/Mixamo/Ch26_nonPBR@Walking.fbx
  artifactKey: Guid(ebe9a52e07b514ef9b7b12dfa2af6c1e) Importer(815301076,1909f56bfc062723c751e8b465ee728b)
Start importing Assets/Mixamo/Ch26_nonPBR@Walking.fbx using Guid(ebe9a52e07b514ef9b7b12dfa2af6c1e) Importer(815301076,1909f56bfc062723c751e8b465ee728b)  -> (artifact id: 'da640ae2fa4dcfaaf6375628372d2d6b') in 0.491039 seconds 
  Import took 0.507464 seconds .

========================================================================
Received Import Request.
  Time since last request: 16.699953 seconds.
  path: Assets/Mixamo/Walking.anim
  artifactKey: Guid(b0cc65c2b9cc2469594678b5d5e9631e) Importer(815301076,1909f56bfc062723c751e8b465ee728b)
Start importing Assets/Mixamo/Walking.anim using Guid(b0cc65c2b9cc2469594678b5d5e9631e) Importer(815301076,1909f56bfc062723c751e8b465ee728b)  -> (artifact id: 'a231bf08e734d66f5ea0118f09715430') in 0.027631 seconds 
  Import took 0.044427 seconds .

========================================================================
Received Import Request.
  Time since last request: 13.953999 seconds.
  path: Assets/Mixamo/Ch26_nonPBR@Walking.prefab
  artifactKey: Guid(5d9ea6d51c54e4b349ce5b4b9f67ac87) Importer(815301076,1909f56bfc062723c751e8b465ee728b)
Start importing Assets/Mixamo/Ch26_nonPBR@Walking.prefab using Guid(5d9ea6d51c54e4b349ce5b4b9f67ac87) Importer(815301076,1909f56bfc062723c751e8b465ee728b)  -> (artifact id: '8573260264145cfe5a39650999a86c33') in 0.123598 seconds 
  Import took 0.150767 seconds .

========================================================================
Received Import Request.
  Time since last request: 28.581502 seconds.
  path: Assets/Animations/walking.controller
  artifactKey: Guid(63c87eb89b5fa499e96f535baf596907) Importer(815301076,1909f56bfc062723c751e8b465ee728b)
Start importing Assets/Animations/walking.controller using Guid(63c87eb89b5fa499e96f535baf596907) Importer(815301076,1909f56bfc062723c751e8b465ee728b)  -> (artifact id: '666cda193e50c7d4087a16681d1a8d3d') in 0.036118 seconds 
  Import took 0.048590 seconds .

========================================================================
Received Import Request.
  Time since last request: 26.208558 seconds.
  path: Assets/Mixamo/Ch26_nonPBR@Walking.prefab
  artifactKey: Guid(5d9ea6d51c54e4b349ce5b4b9f67ac87) Importer(815301076,1909f56bfc062723c751e8b465ee728b)
Start importing Assets/Mixamo/Ch26_nonPBR@Walking.prefab using Guid(5d9ea6d51c54e4b349ce5b4b9f67ac87) Importer(815301076,1909f56bfc062723c751e8b465ee728b) The Animator Controller (walking) you have used is not valid. Animations will not play
UnityEngine.StackTraceUtility:ExtractStackTrace () (at /Users/bokken/buildslave/unity/build/Runtime/Export/Scripting/StackTrace.cs:37)
UnityEditor.EditorUtility:Internal_InstantiateRemoveAllNonAnimationComponentsSingle (UnityEngine.Object,UnityEngine.Vector3,UnityEngine.Quaternion)
UnityEditor.EditorUtility:InstantiateRemoveAllNonAnimationComponents (UnityEngine.Object,UnityEngine.Vector3,UnityEngine.Quaternion) (at /Users/bokken/buildslave/unity/build/Editor/Mono/EditorUtility.cs:636)
UnityEditor.EditorUtility:InstantiateForAnimatorPreview (UnityEngine.Object) (at /Users/bokken/buildslave/unity/build/Editor/Mono/EditorUtility.cs:602)
UnityEditor.GameObjectInspector/PreviewData:UpdateGameObject (UnityEngine.Object) (at /Users/bokken/buildslave/unity/build/Editor/Mono/Inspector/GameObjectInspector.cs:98)
UnityEditor.GameObjectInspector/PreviewData:.ctor (UnityEngine.Object) (at /Users/bokken/buildslave/unity/build/Editor/Mono/Inspector/GameObjectInspector.cs:92)
UnityEditor.GameObjectInspector:GetPreviewData () (at /Users/bokken/buildslave/unity/build/Editor/Mono/Inspector/GameObjectInspector.cs:631)
UnityEditor.GameObjectInspector:RenderStaticPreview (string,UnityEngine.Object[],int,int) (at /Users/bokken/buildslave/unity/build/Editor/Mono/Inspector/GameObjectInspector.cs:841)
UnityEditor.AssetPreviewUpdater:CreatePreviewForAsset (UnityEngine.Object,UnityEngine.Object[],string) (at /Users/bokken/buildslave/unity/build/Editor/Mono/AssetPreviewUpdater.cs:33)

[/Users/bokken/buildslave/unity/build/Runtime/Export/Scripting/StackTrace.cs line 37]

The Animator Controller (walking) you have used is not valid. Animations will not play
UnityEngine.StackTraceUtility:ExtractStackTrace () (at /Users/bokken/buildslave/unity/build/Runtime/Export/Scripting/StackTrace.cs:37)
UnityEditor.EditorUtility:InitInstantiatedPreviewRecursive (UnityEngine.GameObject) (at /Users/bokken/buildslave/unity/build/Editor/Mono/EditorUtility.cs:591)
UnityEditor.EditorUtility:InstantiateForAnimatorPreview (UnityEngine.Object) (at /Users/bokken/buildslave/unity/build/Editor/Mono/EditorUtility.cs:605)
UnityEditor.GameObjectInspector/PreviewData:UpdateGameObject (UnityEngine.Object) (at /Users/bokken/buildslave/unity/build/Editor/Mono/Inspector/GameObjectInspector.cs:98)
UnityEditor.GameObjectInspector/PreviewData:.ctor (UnityEngine.Object) (at /Users/bokken/buildslave/unity/build/Editor/Mono/Inspector/GameObjectInspector.cs:92)
UnityEditor.GameObjectInspector:GetPreviewData () (at /Users/bokken/buildslave/unity/build/Editor/Mono/Inspector/GameObjectInspector.cs:631)
UnityEditor.GameObjectInspector:RenderStaticPreview (string,UnityEngine.Object[],int,int) (at /Users/bokken/buildslave/unity/build/Editor/Mono/Inspector/GameObjectInspector.cs:841)
UnityEditor.AssetPreviewUpdater:CreatePreviewForAsset (UnityEngine.Object,UnityEngine.Object[],string) (at /Users/bokken/buildslave/unity/build/Editor/Mono/AssetPreviewUpdater.cs:33)

[/Users/bokken/buildslave/unity/build/Runtime/Export/Scripting/StackTrace.cs line 37]

 -> (artifact id: '25bd4163bab9e4654113485ea7bc82f7') in 0.239603 seconds 
  Import took 0.255453 seconds .

========================================================================
Received Import Request.
  Time since last request: 12.417210 seconds.
  path: Assets/Mixamo/Ch26_nonPBR@Walking.prefab
  artifactKey: Guid(5d9ea6d51c54e4b349ce5b4b9f67ac87) Importer(815301076,1909f56bfc062723c751e8b465ee728b)
Start importing Assets/Mixamo/Ch26_nonPBR@Walking.prefab using Guid(5d9ea6d51c54e4b349ce5b4b9f67ac87) Importer(815301076,1909f56bfc062723c751e8b465ee728b) The Animator Controller (walking) you have used is not valid. Animations will not play
UnityEngine.StackTraceUtility:ExtractStackTrace () (at /Users/bokken/buildslave/unity/build/Runtime/Export/Scripting/StackTrace.cs:37)
UnityEditor.EditorUtility:Internal_InstantiateRemoveAllNonAnimationComponentsSingle (UnityEngine.Object,UnityEngine.Vector3,UnityEngine.Quaternion)
UnityEditor.EditorUtility:InstantiateRemoveAllNonAnimationComponents (UnityEngine.Object,UnityEngine.Vector3,UnityEngine.Quaternion) (at /Users/bokken/buildslave/unity/build/Editor/Mono/EditorUtility.cs:636)
UnityEditor.EditorUtility:InstantiateForAnimatorPreview (UnityEngine.Object) (at /Users/bokken/buildslave/unity/build/Editor/Mono/EditorUtility.cs:602)
UnityEditor.GameObjectInspector/PreviewData:UpdateGameObject (UnityEngine.Object) (at /Users/bokken/buildslave/unity/build/Editor/Mono/Inspector/GameObjectInspector.cs:98)
UnityEditor.GameObjectInspector/PreviewData:.ctor (UnityEngine.Object) (at /Users/bokken/buildslave/unity/build/Editor/Mono/Inspector/GameObjectInspector.cs:92)
UnityEditor.GameObjectInspector:GetPreviewData () (at /Users/bokken/buildslave/unity/build/Editor/Mono/Inspector/GameObjectInspector.cs:631)
UnityEditor.GameObjectInspector:RenderStaticPreview (string,UnityEngine.Object[],int,int) (at /Users/bokken/buildslave/unity/build/Editor/Mono/Inspector/GameObjectInspector.cs:841)
UnityEditor.AssetPreviewUpdater:CreatePreviewForAsset (UnityEngine.Object,UnityEngine.Object[],string) (at /Users/bokken/buildslave/unity/build/Editor/Mono/AssetPreviewUpdater.cs:33)

[/Users/bokken/buildslave/unity/build/Runtime/Export/Scripting/StackTrace.cs line 37]

The Animator Controller (walking) you have used is not valid. Animations will not play
UnityEngine.StackTraceUtility:ExtractStackTrace () (at /Users/bokken/buildslave/unity/build/Runtime/Export/Scripting/StackTrace.cs:37)
UnityEditor.EditorUtility:InitInstantiatedPreviewRecursive (UnityEngine.GameObject) (at /Users/bokken/buildslave/unity/build/Editor/Mono/EditorUtility.cs:591)
UnityEditor.EditorUtility:InstantiateForAnimatorPreview (UnityEngine.Object) (at /Users/bokken/buildslave/unity/build/Editor/Mono/EditorUtility.cs:605)
UnityEditor.GameObjectInspector/PreviewData:UpdateGameObject (UnityEngine.Object) (at /Users/bokken/buildslave/unity/build/Editor/Mono/Inspector/GameObjectInspector.cs:98)
UnityEditor.GameObjectInspector/PreviewData:.ctor (UnityEngine.Object) (at /Users/bokken/buildslave/unity/build/Editor/Mono/Inspector/GameObjectInspector.cs:92)
UnityEditor.GameObjectInspector:GetPreviewData () (at /Users/bokken/buildslave/unity/build/Editor/Mono/Inspector/GameObjectInspector.cs:631)
UnityEditor.GameObjectInspector:RenderStaticPreview (string,UnityEngine.Object[],int,int) (at /Users/bokken/buildslave/unity/build/Editor/Mono/Inspector/GameObjectInspector.cs:841)
UnityEditor.AssetPreviewUpdater:CreatePreviewForAsset (UnityEngine.Object,UnityEngine.Object[],string) (at /Users/bokken/buildslave/unity/build/Editor/Mono/AssetPreviewUpdater.cs:33)

[/Users/bokken/buildslave/unity/build/Runtime/Export/Scripting/StackTrace.cs line 37]

 -> (artifact id: '87919b7dcbda91ba3ed6002b09691e0a') in 0.211011 seconds 
  Import took 0.249528 seconds .

========================================================================
Received Import Request.
  Time since last request: 54.756402 seconds.
  path: Assets/Mixamo/Ch26_nonPBR@Walking.prefab
  artifactKey: Guid(5d9ea6d51c54e4b349ce5b4b9f67ac87) Importer(815301076,1909f56bfc062723c751e8b465ee728b)
Start importing Assets/Mixamo/Ch26_nonPBR@Walking.prefab using Guid(5d9ea6d51c54e4b349ce5b4b9f67ac87) Importer(815301076,1909f56bfc062723c751e8b465ee728b) The Animator Controller (walking) you have used is not valid. Animations will not play
UnityEngine.StackTraceUtility:ExtractStackTrace () (at /Users/bokken/buildslave/unity/build/Runtime/Export/Scripting/StackTrace.cs:37)
UnityEditor.EditorUtility:Internal_InstantiateRemoveAllNonAnimationComponentsSingle (UnityEngine.Object,UnityEngine.Vector3,UnityEngine.Quaternion)
UnityEditor.EditorUtility:InstantiateRemoveAllNonAnimationComponents (UnityEngine.Object,UnityEngine.Vector3,UnityEngine.Quaternion) (at /Users/bokken/buildslave/unity/build/Editor/Mono/EditorUtility.cs:636)
UnityEditor.EditorUtility:InstantiateForAnimatorPreview (UnityEngine.Object) (at /Users/bokken/buildslave/unity/build/Editor/Mono/EditorUtility.cs:602)
UnityEditor.GameObjectInspector/PreviewData:UpdateGameObject (UnityEngine.Object) (at /Users/bokken/buildslave/unity/build/Editor/Mono/Inspector/GameObjectInspector.cs:98)
UnityEditor.GameObjectInspector/PreviewData:.ctor (UnityEngine.Object) (at /Users/bokken/buildslave/unity/build/Editor/Mono/Inspector/GameObjectInspector.cs:92)
UnityEditor.GameObjectInspector:GetPreviewData () (at /Users/bokken/buildslave/unity/build/Editor/Mono/Inspector/GameObjectInspector.cs:631)
UnityEditor.GameObjectInspector:RenderStaticPreview (string,UnityEngine.Object[],int,int) (at /Users/bokken/buildslave/unity/build/Editor/Mono/Inspector/GameObjectInspector.cs:841)
UnityEditor.AssetPreviewUpdater:CreatePreviewForAsset (UnityEngine.Object,UnityEngine.Object[],string) (at /Users/bokken/buildslave/unity/build/Editor/Mono/AssetPreviewUpdater.cs:33)

[/Users/bokken/buildslave/unity/build/Runtime/Export/Scripting/StackTrace.cs line 37]

The Animator Controller (walking) you have used is not valid. Animations will not play
UnityEngine.StackTraceUtility:ExtractStackTrace () (at /Users/bokken/buildslave/unity/build/Runtime/Export/Scripting/StackTrace.cs:37)
UnityEditor.EditorUtility:InitInstantiatedPreviewRecursive (UnityEngine.GameObject) (at /Users/bokken/buildslave/unity/build/Editor/Mono/EditorUtility.cs:591)
UnityEditor.EditorUtility:InstantiateForAnimatorPreview (UnityEngine.Object) (at /Users/bokken/buildslave/unity/build/Editor/Mono/EditorUtility.cs:605)
UnityEditor.GameObjectInspector/PreviewData:UpdateGameObject (UnityEngine.Object) (at /Users/bokken/buildslave/unity/build/Editor/Mono/Inspector/GameObjectInspector.cs:98)
UnityEditor.GameObjectInspector/PreviewData:.ctor (UnityEngine.Object) (at /Users/bokken/buildslave/unity/build/Editor/Mono/Inspector/GameObjectInspector.cs:92)
UnityEditor.GameObjectInspector:GetPreviewData () (at /Users/bokken/buildslave/unity/build/Editor/Mono/Inspector/GameObjectInspector.cs:631)
UnityEditor.GameObjectInspector:RenderStaticPreview (string,UnityEngine.Object[],int,int) (at /Users/bokken/buildslave/unity/build/Editor/Mono/Inspector/GameObjectInspector.cs:841)
UnityEditor.AssetPreviewUpdater:CreatePreviewForAsset (UnityEngine.Object,UnityEngine.Object[],string) (at /Users/bokken/buildslave/unity/build/Editor/Mono/AssetPreviewUpdater.cs:33)

[/Users/bokken/buildslave/unity/build/Runtime/Export/Scripting/StackTrace.cs line 37]

 -> (artifact id: 'cf72f0e5e8610cec94c54b7100fe1ff4') in 0.246422 seconds 
  Import took 0.273137 seconds .

========================================================================
Received Import Request.
  Time since last request: 44.060943 seconds.
  path: Assets/SemanticSegmentationLabelConfig.asset
  artifactKey: Guid(9f6fa290a1c41491a902041d0eb22170) Importer(815301076,1909f56bfc062723c751e8b465ee728b)
Start importing Assets/SemanticSegmentationLabelConfig.asset using Guid(9f6fa290a1c41491a902041d0eb22170) Importer(815301076,1909f56bfc062723c751e8b465ee728b)  -> (artifact id: 'bbc7a60fb27b560d1eb26ddd92726d3b') in 0.031906 seconds 
  Import took 0.043897 seconds .

========================================================================
Received Prepare
Registering precompiled user dll's ...
Registered in 0.016061 seconds.
Begin MonoManager ReloadAssembly
Native extension for OSXStandalone target not found
Refreshing native plugins compatible for Editor in 0.80 ms, found 5 plugins.
Preloading 0 native plugins for Editor in 0.00 ms.
Mono: successfully reloaded assembly
- Completed reload, in  6.818 seconds
Domain Reload Profiling:
	ReloadAssembly (6818ms)
		BeginReloadAssembly (4349ms)
			ExecutionOrderSort (0ms)
			DisableScriptedObjects (19ms)
			BackupInstance (0ms)
			ReleaseScriptingObjects (0ms)
			CreateAndSetChildDomain (230ms)
		EndReloadAssembly (2369ms)
			LoadAssemblies (380ms)
			RebuildTransferFunctionScriptingTraits (0ms)
			SetupTypeCache (658ms)
			ReleaseScriptCaches (2ms)
			RebuildScriptCaches (86ms)
			SetupLoadedEditorAssemblies (902ms)
				LogAssemblyErrors (0ms)
				InitializePlatformSupportModulesInManaged (6ms)
				SetLoadedEditorAssemblies (1ms)
				RefreshPlugins (1ms)
				BeforeProcessingInitializeOnLoad (207ms)
				ProcessInitializeOnLoadAttributes (584ms)
				ProcessInitializeOnLoadMethodAttributes (99ms)
				AfterProcessingInitializeOnLoad (4ms)
				EditorAssembliesLoaded (1ms)
			ExecutionOrderSort2 (0ms)
			AwakeInstancesAfterBackupRestoration (30ms)
Platform modules already initialized, skipping
Refreshing native plugins compatible for Editor in 0.94 ms, found 5 plugins.
Preloading 0 native plugins for Editor in 0.00 ms.
Unloading 3142 Unused Serialized files (Serialized files now loaded: 0)
System memory in use before: 315.4 MB.
System memory in use after: 315.1 MB.

Unloading 43 unused Assets to reduce memory usage. Loaded Objects now: 3940.
Total: 5.460023 ms (FindLiveObjects: 0.402473 ms CreateObjectMapping: 0.169888 ms MarkObjects: 4.260368 ms  DeleteObjects: 0.626174 ms)

AssetImportParameters requested are different than current active one (requested -> active):
  custom:video-decoder-ogg-theora: a1e56fd34408186e4bbccfd4996cb3dc -> 
  custom:container-muxer-webm: aa71ff27fc2769a1b78a27578f13a17b -> 
  custom:container-demuxer-webm: 4f35f7cbe854078d1ac9338744f61a02 -> 
  custom:container-demuxer-ogg: 62fdf1f143b41e24485cea50d1cbac27 -> 
  custom:video-encoder-webm-vp8: eb34c28f22e8b96e1ab97ce403110664 -> 
  custom:framework-osx-AVFoundation: e770b220cccbd017edd2c1fefb359320 -> 
  custom:video-decoder-webm-vp8: 9c59270c3fd7afecdb556c50c9e8de78 -> 
  custom:audio-decoder-ogg-vorbis: bf7c407c2cedff20999df2af8eb42d56 -> 
  custom:audio-encoder-webm-vorbis: bf7c407c2cedff20999df2af8eb42d56 -> 
========================================================================
Received Prepare
Registering precompiled user dll's ...
Registered in 0.006502 seconds.
Begin MonoManager ReloadAssembly
Native extension for OSXStandalone target not found
Refreshing native plugins compatible for Editor in 0.95 ms, found 5 plugins.
Preloading 0 native plugins for Editor in 0.00 ms.
Mono: successfully reloaded assembly
- Completed reload, in  2.626 seconds
Domain Reload Profiling:
	ReloadAssembly (2626ms)
		BeginReloadAssembly (371ms)
			ExecutionOrderSort (0ms)
			DisableScriptedObjects (11ms)
			BackupInstance (0ms)
			ReleaseScriptingObjects (0ms)
			CreateAndSetChildDomain (127ms)
		EndReloadAssembly (2144ms)
			LoadAssemblies (394ms)
			RebuildTransferFunctionScriptingTraits (0ms)
			SetupTypeCache (619ms)
			ReleaseScriptCaches (1ms)
			RebuildScriptCaches (75ms)
			SetupLoadedEditorAssemblies (776ms)
				LogAssemblyErrors (0ms)
				InitializePlatformSupportModulesInManaged (5ms)
				SetLoadedEditorAssemblies (2ms)
				RefreshPlugins (1ms)
				BeforeProcessingInitializeOnLoad (200ms)
				ProcessInitializeOnLoadAttributes (492ms)
				ProcessInitializeOnLoadMethodAttributes (75ms)
				AfterProcessingInitializeOnLoad (2ms)
				EditorAssembliesLoaded (0ms)
			ExecutionOrderSort2 (0ms)
			AwakeInstancesAfterBackupRestoration (22ms)
Platform modules already initialized, skipping
Refreshing native plugins compatible for Editor in 0.84 ms, found 5 plugins.
Preloading 0 native plugins for Editor in 0.00 ms.
Unloading 3142 Unused Serialized files (Serialized files now loaded: 0)
System memory in use before: 315.7 MB.
System memory in use after: 315.4 MB.

Unloading 43 unused Assets to reduce memory usage. Loaded Objects now: 3944.
Total: 6.541041 ms (FindLiveObjects: 0.539149 ms CreateObjectMapping: 0.295435 ms MarkObjects: 5.110810 ms  DeleteObjects: 0.594350 ms)

AssetImportParameters requested are different than current active one (requested -> active):
  custom:video-decoder-ogg-theora: a1e56fd34408186e4bbccfd4996cb3dc -> 
  custom:container-muxer-webm: aa71ff27fc2769a1b78a27578f13a17b -> 
  custom:container-demuxer-webm: 4f35f7cbe854078d1ac9338744f61a02 -> 
  custom:container-demuxer-ogg: 62fdf1f143b41e24485cea50d1cbac27 -> 
  custom:video-encoder-webm-vp8: eb34c28f22e8b96e1ab97ce403110664 -> 
  custom:framework-osx-AVFoundation: e770b220cccbd017edd2c1fefb359320 -> 
  custom:video-decoder-webm-vp8: 9c59270c3fd7afecdb556c50c9e8de78 -> 
  custom:audio-decoder-ogg-vorbis: bf7c407c2cedff20999df2af8eb42d56 -> 
  custom:audio-encoder-webm-vorbis: bf7c407c2cedff20999df2af8eb42d56 -> 
========================================================================
Received Prepare
Registering precompiled user dll's ...
Registered in 0.007612 seconds.
Begin MonoManager ReloadAssembly
Native extension for OSXStandalone target not found
Refreshing native plugins compatible for Editor in 1.43 ms, found 5 plugins.
Preloading 0 native plugins for Editor in 0.00 ms.
Mono: successfully reloaded assembly
- Completed reload, in  7.116 seconds
Domain Reload Profiling:
	ReloadAssembly (7116ms)
		BeginReloadAssembly (3938ms)
			ExecutionOrderSort (0ms)
			DisableScriptedObjects (7ms)
			BackupInstance (0ms)
			ReleaseScriptingObjects (0ms)
			CreateAndSetChildDomain (154ms)
		EndReloadAssembly (3035ms)
			LoadAssemblies (178ms)
			RebuildTransferFunctionScriptingTraits (0ms)
			SetupTypeCache (971ms)
			ReleaseScriptCaches (2ms)
			RebuildScriptCaches (155ms)
			SetupLoadedEditorAssemblies (1296ms)
				LogAssemblyErrors (0ms)
				InitializePlatformSupportModulesInManaged (18ms)
				SetLoadedEditorAssemblies (1ms)
				RefreshPlugins (1ms)
				BeforeProcessingInitializeOnLoad (347ms)
				ProcessInitializeOnLoadAttributes (782ms)
				ProcessInitializeOnLoadMethodAttributes (140ms)
				AfterProcessingInitializeOnLoad (6ms)
				EditorAssembliesLoaded (1ms)
			ExecutionOrderSort2 (0ms)
			AwakeInstancesAfterBackupRestoration (36ms)
Platform modules already initialized, skipping
Refreshing native plugins compatible for Editor in 1.32 ms, found 5 plugins.
Preloading 0 native plugins for Editor in 0.00 ms.
Unloading 3142 Unused Serialized files (Serialized files now loaded: 0)
System memory in use before: 316.0 MB.
System memory in use after: 315.7 MB.

Unloading 43 unused Assets to reduce memory usage. Loaded Objects now: 3948.
Total: 8.553493 ms (FindLiveObjects: 0.595846 ms CreateObjectMapping: 0.271185 ms MarkObjects: 6.878515 ms  DeleteObjects: 0.806531 ms)

AssetImportParameters requested are different than current active one (requested -> active):
  custom:video-decoder-ogg-theora: a1e56fd34408186e4bbccfd4996cb3dc -> 
  custom:container-muxer-webm: aa71ff27fc2769a1b78a27578f13a17b -> 
  custom:container-demuxer-webm: 4f35f7cbe854078d1ac9338744f61a02 -> 
  custom:container-demuxer-ogg: 62fdf1f143b41e24485cea50d1cbac27 -> 
  custom:video-encoder-webm-vp8: eb34c28f22e8b96e1ab97ce403110664 -> 
  custom:framework-osx-AVFoundation: e770b220cccbd017edd2c1fefb359320 -> 
  custom:video-decoder-webm-vp8: 9c59270c3fd7afecdb556c50c9e8de78 -> 
  custom:audio-decoder-ogg-vorbis: bf7c407c2cedff20999df2af8eb42d56 -> 
  custom:audio-encoder-webm-vorbis: bf7c407c2cedff20999df2af8eb42d56 -> 
========================================================================
Received Prepare
Registering precompiled user dll's ...
Registered in 0.047814 seconds.
Begin MonoManager ReloadAssembly
Native extension for OSXStandalone target not found
Refreshing native plugins compatible for Editor in 1.32 ms, found 5 plugins.
Preloading 0 native plugins for Editor in 0.00 ms.
Mono: successfully reloaded assembly
- Completed reload, in  6.610 seconds
Domain Reload Profiling:
	ReloadAssembly (6611ms)
		BeginReloadAssembly (3413ms)
			ExecutionOrderSort (0ms)
			DisableScriptedObjects (8ms)
			BackupInstance (0ms)
			ReleaseScriptingObjects (0ms)
			CreateAndSetChildDomain (151ms)
		EndReloadAssembly (3052ms)
			LoadAssemblies (447ms)
			RebuildTransferFunctionScriptingTraits (0ms)
			SetupTypeCache (883ms)
			ReleaseScriptCaches (3ms)
			RebuildScriptCaches (112ms)
			SetupLoadedEditorAssemblies (1185ms)
				LogAssemblyErrors (0ms)
				InitializePlatformSupportModulesInManaged (8ms)
				SetLoadedEditorAssemblies (1ms)
				RefreshPlugins (1ms)
				BeforeProcessingInitializeOnLoad (269ms)
				ProcessInitializeOnLoadAttributes (782ms)
				ProcessInitializeOnLoadMethodAttributes (119ms)
				AfterProcessingInitializeOnLoad (3ms)
				EditorAssembliesLoaded (1ms)
			ExecutionOrderSort2 (0ms)
			AwakeInstancesAfterBackupRestoration (34ms)
Platform modules already initialized, skipping
Refreshing native plugins compatible for Editor in 0.93 ms, found 5 plugins.
Preloading 0 native plugins for Editor in 0.00 ms.
Unloading 3142 Unused Serialized files (Serialized files now loaded: 0)
System memory in use before: 316.3 MB.
System memory in use after: 316.0 MB.

Unloading 43 unused Assets to reduce memory usage. Loaded Objects now: 3952.
Total: 6.878409 ms (FindLiveObjects: 0.566596 ms CreateObjectMapping: 0.176261 ms MarkObjects: 5.512165 ms  DeleteObjects: 0.622090 ms)

AssetImportParameters requested are different than current active one (requested -> active):
  custom:video-decoder-ogg-theora: a1e56fd34408186e4bbccfd4996cb3dc -> 
  custom:container-muxer-webm: aa71ff27fc2769a1b78a27578f13a17b -> 
  custom:container-demuxer-webm: 4f35f7cbe854078d1ac9338744f61a02 -> 
  custom:container-demuxer-ogg: 62fdf1f143b41e24485cea50d1cbac27 -> 
  custom:video-encoder-webm-vp8: eb34c28f22e8b96e1ab97ce403110664 -> 
  custom:framework-osx-AVFoundation: e770b220cccbd017edd2c1fefb359320 -> 
  custom:video-decoder-webm-vp8: 9c59270c3fd7afecdb556c50c9e8de78 -> 
  custom:audio-decoder-ogg-vorbis: bf7c407c2cedff20999df2af8eb42d56 -> 
  custom:audio-encoder-webm-vorbis: bf7c407c2cedff20999df2af8eb42d56 -> 
========================================================================
Received Prepare
Registering precompiled user dll's ...
Registered in 0.029624 seconds.
Begin MonoManager ReloadAssembly
Native extension for OSXStandalone target not found
Refreshing native plugins compatible for Editor in 1.57 ms, found 5 plugins.
Preloading 0 native plugins for Editor in 0.00 ms.
Mono: successfully reloaded assembly
- Completed reload, in 18.218 seconds
Domain Reload Profiling:
	ReloadAssembly (18224ms)
		BeginReloadAssembly (6122ms)
			ExecutionOrderSort (0ms)
			DisableScriptedObjects (38ms)
			BackupInstance (0ms)
			ReleaseScriptingObjects (0ms)
			CreateAndSetChildDomain (677ms)
		EndReloadAssembly (11310ms)
			LoadAssemblies (1089ms)
			RebuildTransferFunctionScriptingTraits (0ms)
			SetupTypeCache (4708ms)
			ReleaseScriptCaches (3ms)
			RebuildScriptCaches (334ms)
			SetupLoadedEditorAssemblies (3850ms)
				LogAssemblyErrors (0ms)
				InitializePlatformSupportModulesInManaged (38ms)
				SetLoadedEditorAssemblies (2ms)
				RefreshPlugins (2ms)
				BeforeProcessingInitializeOnLoad (986ms)
				ProcessInitializeOnLoadAttributes (2442ms)
				ProcessInitializeOnLoadMethodAttributes (375ms)
				AfterProcessingInitializeOnLoad (5ms)
				EditorAssembliesLoaded (2ms)
			ExecutionOrderSort2 (0ms)
			AwakeInstancesAfterBackupRestoration (98ms)
Platform modules already initialized, skipping
Refreshing native plugins compatible for Editor in 2.21 ms, found 5 plugins.
Preloading 0 native plugins for Editor in 0.00 ms.
Unloading 3142 Unused Serialized files (Serialized files now loaded: 0)
System memory in use before: 316.6 MB.
System memory in use after: 316.3 MB.

Unloading 43 unused Assets to reduce memory usage. Loaded Objects now: 3956.
Total: 14.963395 ms (FindLiveObjects: 1.747210 ms CreateObjectMapping: 0.600061 ms MarkObjects: 10.157672 ms  DeleteObjects: 2.454237 ms)

AssetImportParameters requested are different than current active one (requested -> active):
  custom:video-decoder-ogg-theora: a1e56fd34408186e4bbccfd4996cb3dc -> 
  custom:container-muxer-webm: aa71ff27fc2769a1b78a27578f13a17b -> 
  custom:container-demuxer-webm: 4f35f7cbe854078d1ac9338744f61a02 -> 
  custom:container-demuxer-ogg: 62fdf1f143b41e24485cea50d1cbac27 -> 
  custom:video-encoder-webm-vp8: eb34c28f22e8b96e1ab97ce403110664 -> 
  custom:framework-osx-AVFoundation: e770b220cccbd017edd2c1fefb359320 -> 
  custom:video-decoder-webm-vp8: 9c59270c3fd7afecdb556c50c9e8de78 -> 
  custom:audio-decoder-ogg-vorbis: bf7c407c2cedff20999df2af8eb42d56 -> 
  custom:audio-encoder-webm-vorbis: bf7c407c2cedff20999df2af8eb42d56 -> 
